

Started GET "/" for ::1 at 2017-05-11 11:49:17 +0800

ActiveRecord::NoDatabaseError (FATAL:  database "url_shortener_rspec_assessment_development" does not exist
):
  activerecord (4.2.5) lib/active_record/connection_adapters/postgresql_adapter.rb:661:in `rescue in connect'
  activerecord (4.2.5) lib/active_record/connection_adapters/postgresql_adapter.rb:651:in `connect'
  activerecord (4.2.5) lib/active_record/connection_adapters/postgresql_adapter.rb:242:in `initialize'
  activerecord (4.2.5) lib/active_record/connection_adapters/postgresql_adapter.rb:44:in `new'
  activerecord (4.2.5) lib/active_record/connection_adapters/postgresql_adapter.rb:44:in `postgresql_connection'
  activerecord (4.2.5) lib/active_record/connection_adapters/abstract/connection_pool.rb:438:in `new_connection'
  activerecord (4.2.5) lib/active_record/connection_adapters/abstract/connection_pool.rb:448:in `checkout_new_connection'
  activerecord (4.2.5) lib/active_record/connection_adapters/abstract/connection_pool.rb:422:in `acquire_connection'
  activerecord (4.2.5) lib/active_record/connection_adapters/abstract/connection_pool.rb:349:in `block in checkout'
  /Users/DavidRaj/.rbenv/versions/2.3.0/lib/ruby/2.3.0/monitor.rb:214:in `mon_synchronize'
  activerecord (4.2.5) lib/active_record/connection_adapters/abstract/connection_pool.rb:348:in `checkout'
  activerecord (4.2.5) lib/active_record/connection_adapters/abstract/connection_pool.rb:263:in `block in connection'
  /Users/DavidRaj/.rbenv/versions/2.3.0/lib/ruby/2.3.0/monitor.rb:214:in `mon_synchronize'
  activerecord (4.2.5) lib/active_record/connection_adapters/abstract/connection_pool.rb:262:in `connection'
  activerecord (4.2.5) lib/active_record/connection_adapters/abstract/connection_pool.rb:571:in `retrieve_connection'
  activerecord (4.2.5) lib/active_record/connection_handling.rb:113:in `retrieve_connection'
  activerecord (4.2.5) lib/active_record/connection_handling.rb:87:in `connection'
  activerecord (4.2.5) lib/active_record/migration.rb:383:in `connection'
  activerecord (4.2.5) lib/active_record/migration.rb:370:in `call'
  actionpack (4.2.5) lib/action_dispatch/middleware/callbacks.rb:29:in `block in call'
  activesupport (4.2.5) lib/active_support/callbacks.rb:88:in `__run_callbacks__'
  activesupport (4.2.5) lib/active_support/callbacks.rb:778:in `_run_call_callbacks'
  activesupport (4.2.5) lib/active_support/callbacks.rb:81:in `run_callbacks'
  actionpack (4.2.5) lib/action_dispatch/middleware/callbacks.rb:27:in `call'
  actionpack (4.2.5) lib/action_dispatch/middleware/reloader.rb:73:in `call'
  actionpack (4.2.5) lib/action_dispatch/middleware/remote_ip.rb:78:in `call'
  actionpack (4.2.5) lib/action_dispatch/middleware/debug_exceptions.rb:17:in `call'
  web-console (2.2.1) lib/web_console/middleware.rb:39:in `call'
  actionpack (4.2.5) lib/action_dispatch/middleware/show_exceptions.rb:30:in `call'
  railties (4.2.5) lib/rails/rack/logger.rb:38:in `call_app'
  railties (4.2.5) lib/rails/rack/logger.rb:20:in `block in call'
  activesupport (4.2.5) lib/active_support/tagged_logging.rb:68:in `block in tagged'
  activesupport (4.2.5) lib/active_support/tagged_logging.rb:26:in `tagged'
  activesupport (4.2.5) lib/active_support/tagged_logging.rb:68:in `tagged'
  railties (4.2.5) lib/rails/rack/logger.rb:20:in `call'
  actionpack (4.2.5) lib/action_dispatch/middleware/request_id.rb:21:in `call'
  rack (1.6.4) lib/rack/methodoverride.rb:22:in `call'
  rack (1.6.4) lib/rack/runtime.rb:18:in `call'
  activesupport (4.2.5) lib/active_support/cache/strategy/local_cache_middleware.rb:28:in `call'
  rack (1.6.4) lib/rack/lock.rb:17:in `call'
  actionpack (4.2.5) lib/action_dispatch/middleware/static.rb:116:in `call'
  rack (1.6.4) lib/rack/sendfile.rb:113:in `call'
  railties (4.2.5) lib/rails/engine.rb:518:in `call'
  railties (4.2.5) lib/rails/application.rb:165:in `call'
  rack (1.6.4) lib/rack/content_length.rb:15:in `call'
  puma (2.15.3) lib/puma/server.rb:541:in `handle_request'
  puma (2.15.3) lib/puma/server.rb:388:in `process_client'
  puma (2.15.3) lib/puma/server.rb:270:in `block in run'
  puma (2.15.3) lib/puma/thread_pool.rb:106:in `block in spawn_thread'


  Rendered /Users/DavidRaj/.rbenv/versions/2.3.0/lib/ruby/gems/2.3.0/gems/actionpack-4.2.5/lib/action_dispatch/middleware/templates/rescues/_source.erb (3.1ms)
  Rendered /Users/DavidRaj/.rbenv/versions/2.3.0/lib/ruby/gems/2.3.0/gems/actionpack-4.2.5/lib/action_dispatch/middleware/templates/rescues/_trace.html.erb (2.0ms)
  Rendered /Users/DavidRaj/.rbenv/versions/2.3.0/lib/ruby/gems/2.3.0/gems/actionpack-4.2.5/lib/action_dispatch/middleware/templates/rescues/_request_and_response.html.erb (0.9ms)
  Rendered /Users/DavidRaj/.rbenv/versions/2.3.0/lib/ruby/gems/2.3.0/gems/actionpack-4.2.5/lib/action_dispatch/middleware/templates/rescues/diagnostics.html.erb within rescues/layout (71.4ms)
  Rendered /Users/DavidRaj/.rbenv/versions/2.3.0/lib/ruby/gems/2.3.0/gems/web-console-2.2.1/lib/web_console/templates/_markup.html.erb (0.6ms)
  Rendered /Users/DavidRaj/.rbenv/versions/2.3.0/lib/ruby/gems/2.3.0/gems/web-console-2.2.1/lib/web_console/templates/_inner_console_markup.html.erb within layouts/inlined_string (0.3ms)
  Rendered /Users/DavidRaj/.rbenv/versions/2.3.0/lib/ruby/gems/2.3.0/gems/web-console-2.2.1/lib/web_console/templates/_prompt_box_markup.html.erb within layouts/inlined_string (0.4ms)
  Rendered /Users/DavidRaj/.rbenv/versions/2.3.0/lib/ruby/gems/2.3.0/gems/web-console-2.2.1/lib/web_console/templates/style.css.erb within layouts/inlined_string (0.4ms)
  Rendered /Users/DavidRaj/.rbenv/versions/2.3.0/lib/ruby/gems/2.3.0/gems/web-console-2.2.1/lib/web_console/templates/console.js.erb within layouts/javascript (58.7ms)
  Rendered /Users/DavidRaj/.rbenv/versions/2.3.0/lib/ruby/gems/2.3.0/gems/web-console-2.2.1/lib/web_console/templates/main.js.erb within layouts/javascript (0.3ms)
  Rendered /Users/DavidRaj/.rbenv/versions/2.3.0/lib/ruby/gems/2.3.0/gems/web-console-2.2.1/lib/web_console/templates/error_page.js.erb within layouts/javascript (0.5ms)
  Rendered /Users/DavidRaj/.rbenv/versions/2.3.0/lib/ruby/gems/2.3.0/gems/web-console-2.2.1/lib/web_console/templates/index.html.erb (148.7ms)
  [1m[36m (17.0ms)[0m  [1mCREATE TABLE "schema_migrations" ("version" character varying NOT NULL) [0m
  [1m[35m (8.8ms)[0m  CREATE UNIQUE INDEX  "unique_schema_migrations" ON "schema_migrations"  ("version")
  [1m[36mActiveRecord::SchemaMigration Load (0.3ms)[0m  [1mSELECT "schema_migrations".* FROM "schema_migrations"[0m
Migrating to CreateUrls (20170509101124)
  [1m[35m (0.1ms)[0m  BEGIN
  [1m[36m (7.2ms)[0m  [1mCREATE TABLE "urls" ("id" serial primary key, "long_url" character varying, "short_url" character varying, "created_at" timestamp NOT NULL, "updated_at" timestamp NOT NULL) [0m
  [1m[35mSQL (0.3ms)[0m  INSERT INTO "schema_migrations" ("version") VALUES ($1)  [["version", "20170509101124"]]
  [1m[36m (2.3ms)[0m  [1mCOMMIT[0m
  [1m[35mActiveRecord::SchemaMigration Load (0.5ms)[0m  SELECT "schema_migrations".* FROM "schema_migrations"
  [1m[36m (3.0ms)[0m  [1mSELECT t2.oid::regclass::text AS to_table, a1.attname AS column, a2.attname AS primary_key, c.conname AS name, c.confupdtype AS on_update, c.confdeltype AS on_delete
FROM pg_constraint c
JOIN pg_class t1 ON c.conrelid = t1.oid
JOIN pg_class t2 ON c.confrelid = t2.oid
JOIN pg_attribute a1 ON a1.attnum = c.conkey[1] AND a1.attrelid = t1.oid
JOIN pg_attribute a2 ON a2.attnum = c.confkey[1] AND a2.attrelid = t2.oid
JOIN pg_namespace t3 ON c.connamespace = t3.oid
WHERE c.contype = 'f'
  AND t1.relname = 'urls'
  AND t3.nspname = ANY (current_schemas(false))
ORDER BY c.conname
[0m


Started GET "/" for ::1 at 2017-05-11 11:52:44 +0800
  [1m[36mActiveRecord::SchemaMigration Load (0.6ms)[0m  [1mSELECT "schema_migrations".* FROM "schema_migrations"[0m
Processing by UrlsController#index as HTML
  [1m[35mUrl Load (0.8ms)[0m  SELECT "urls".* FROM "urls"
  Rendered urls/index.html.erb within layouts/application (3.3ms)
Completed 200 OK in 1136ms (Views: 1122.6ms | ActiveRecord: 1.5ms)


Started GET "/assets/urls.self-e3b0c44298fc1c149afbf4c8996fb92427ae41e4649b934ca495991b7852b855.css?body=1" for ::1 at 2017-05-11 11:52:46 +0800


Started GET "/assets/application.self-e80e8f2318043e8af94dddc2adad5a4f09739a8ebb323b3ab31cd71d45fd9113.css?body=1" for ::1 at 2017-05-11 11:52:46 +0800


Started GET "/assets/turbolinks.self-c37727e9bd6b2735da5c311aa83fead54ed0be6cc8bd9a65309e9c5abe2cbfff.js?body=1" for ::1 at 2017-05-11 11:52:46 +0800


Started GET "/assets/urls.self-19a187bec6cdb96d6de80a61c16c857c613536adf9138476bd367db38d282635.js?body=1" for ::1 at 2017-05-11 11:52:46 +0800


Started GET "/assets/jquery.self-a714331225dda820228db323939889f149aec0127aeb06255646b616ba1ca419.js?body=1" for ::1 at 2017-05-11 11:52:46 +0800


Started GET "/assets/jquery_ujs.self-d456baa54c1fa6be2ec3711f0a72ddf7a5b2f34a6b4f515f33767d6207b7d4b3.js?body=1" for ::1 at 2017-05-11 11:52:46 +0800


Started GET "/assets/application.self-3b8dabdc891efe46b9a144b400ad69e37d7e5876bdc39dee783419a69d7ca819.js?body=1" for ::1 at 2017-05-11 11:52:46 +0800


Started GET "/" for ::1 at 2017-05-11 11:53:47 +0800
Processing by UrlsController#index as HTML
  [1m[36mUrl Load (0.3ms)[0m  [1mSELECT "urls".* FROM "urls"[0m
  Rendered urls/index.html.erb within layouts/application (44.2ms)
Completed 500 Internal Server Error in 49ms (ActiveRecord: 0.3ms)

ActionView::Template::Error (undefined local variable or method `new_path' for #<#<Class:0x007fe62852e980>:0x007fe62867c260>
Did you mean?  new_url_path):
     7: <th>Shortened URL</th>
     8: </tr>
     9: 
    10: <%= link_to "Shorten Form", new_path %>
    11: 
    12: <%  @urls.each do |url| %>
    13:     <tr>
  app/views/urls/index.html.erb:10:in `_app_views_urls_index_html_erb__2518595341039803115_70313248516560'


  Rendered /Users/DavidRaj/.rbenv/versions/2.3.0/lib/ruby/gems/2.3.0/gems/actionpack-4.2.5/lib/action_dispatch/middleware/templates/rescues/_source.erb (5.7ms)
  Rendered /Users/DavidRaj/.rbenv/versions/2.3.0/lib/ruby/gems/2.3.0/gems/actionpack-4.2.5/lib/action_dispatch/middleware/templates/rescues/_trace.html.erb (2.7ms)
  Rendered /Users/DavidRaj/.rbenv/versions/2.3.0/lib/ruby/gems/2.3.0/gems/actionpack-4.2.5/lib/action_dispatch/middleware/templates/rescues/_request_and_response.html.erb (1.5ms)
  Rendered /Users/DavidRaj/.rbenv/versions/2.3.0/lib/ruby/gems/2.3.0/gems/actionpack-4.2.5/lib/action_dispatch/middleware/templates/rescues/template_error.html.erb within rescues/layout (60.7ms)
  Rendered /Users/DavidRaj/.rbenv/versions/2.3.0/lib/ruby/gems/2.3.0/gems/web-console-2.2.1/lib/web_console/templates/_markup.html.erb (0.6ms)
  Rendered /Users/DavidRaj/.rbenv/versions/2.3.0/lib/ruby/gems/2.3.0/gems/web-console-2.2.1/lib/web_console/templates/_inner_console_markup.html.erb within layouts/inlined_string (0.2ms)
  Rendered /Users/DavidRaj/.rbenv/versions/2.3.0/lib/ruby/gems/2.3.0/gems/web-console-2.2.1/lib/web_console/templates/_prompt_box_markup.html.erb within layouts/inlined_string (0.5ms)
  Rendered /Users/DavidRaj/.rbenv/versions/2.3.0/lib/ruby/gems/2.3.0/gems/web-console-2.2.1/lib/web_console/templates/style.css.erb within layouts/inlined_string (0.3ms)
  Rendered /Users/DavidRaj/.rbenv/versions/2.3.0/lib/ruby/gems/2.3.0/gems/web-console-2.2.1/lib/web_console/templates/console.js.erb within layouts/javascript (47.7ms)
  Rendered /Users/DavidRaj/.rbenv/versions/2.3.0/lib/ruby/gems/2.3.0/gems/web-console-2.2.1/lib/web_console/templates/main.js.erb within layouts/javascript (0.3ms)
  Rendered /Users/DavidRaj/.rbenv/versions/2.3.0/lib/ruby/gems/2.3.0/gems/web-console-2.2.1/lib/web_console/templates/error_page.js.erb within layouts/javascript (0.4ms)
  Rendered /Users/DavidRaj/.rbenv/versions/2.3.0/lib/ruby/gems/2.3.0/gems/web-console-2.2.1/lib/web_console/templates/index.html.erb (103.3ms)


Started GET "/new" for ::1 at 2017-05-11 11:55:20 +0800

ActionController::RoutingError (No route matches [GET] "/new"):
  actionpack (4.2.5) lib/action_dispatch/middleware/debug_exceptions.rb:21:in `call'
  web-console (2.2.1) lib/web_console/middleware.rb:39:in `call'
  actionpack (4.2.5) lib/action_dispatch/middleware/show_exceptions.rb:30:in `call'
  railties (4.2.5) lib/rails/rack/logger.rb:38:in `call_app'
  railties (4.2.5) lib/rails/rack/logger.rb:20:in `block in call'
  activesupport (4.2.5) lib/active_support/tagged_logging.rb:68:in `block in tagged'
  activesupport (4.2.5) lib/active_support/tagged_logging.rb:26:in `tagged'
  activesupport (4.2.5) lib/active_support/tagged_logging.rb:68:in `tagged'
  railties (4.2.5) lib/rails/rack/logger.rb:20:in `call'
  actionpack (4.2.5) lib/action_dispatch/middleware/request_id.rb:21:in `call'
  rack (1.6.4) lib/rack/methodoverride.rb:22:in `call'
  rack (1.6.4) lib/rack/runtime.rb:18:in `call'
  activesupport (4.2.5) lib/active_support/cache/strategy/local_cache_middleware.rb:28:in `call'
  rack (1.6.4) lib/rack/lock.rb:17:in `call'
  actionpack (4.2.5) lib/action_dispatch/middleware/static.rb:116:in `call'
  rack (1.6.4) lib/rack/sendfile.rb:113:in `call'
  railties (4.2.5) lib/rails/engine.rb:518:in `call'
  railties (4.2.5) lib/rails/application.rb:165:in `call'
  rack (1.6.4) lib/rack/content_length.rb:15:in `call'
  puma (2.15.3) lib/puma/server.rb:541:in `handle_request'
  puma (2.15.3) lib/puma/server.rb:388:in `process_client'
  puma (2.15.3) lib/puma/server.rb:270:in `block in run'
  puma (2.15.3) lib/puma/thread_pool.rb:106:in `block in spawn_thread'


  Rendered /Users/DavidRaj/.rbenv/versions/2.3.0/lib/ruby/gems/2.3.0/gems/actionpack-4.2.5/lib/action_dispatch/middleware/templates/rescues/_trace.html.erb (2.3ms)
  Rendered /Users/DavidRaj/.rbenv/versions/2.3.0/lib/ruby/gems/2.3.0/gems/actionpack-4.2.5/lib/action_dispatch/middleware/templates/routes/_route.html.erb (1.7ms)
  Rendered /Users/DavidRaj/.rbenv/versions/2.3.0/lib/ruby/gems/2.3.0/gems/actionpack-4.2.5/lib/action_dispatch/middleware/templates/routes/_table.html.erb (25.5ms)
  Rendered /Users/DavidRaj/.rbenv/versions/2.3.0/lib/ruby/gems/2.3.0/gems/actionpack-4.2.5/lib/action_dispatch/middleware/templates/rescues/_request_and_response.html.erb (1.5ms)
  Rendered /Users/DavidRaj/.rbenv/versions/2.3.0/lib/ruby/gems/2.3.0/gems/actionpack-4.2.5/lib/action_dispatch/middleware/templates/rescues/routing_error.html.erb within rescues/layout (108.2ms)
  Rendered /Users/DavidRaj/.rbenv/versions/2.3.0/lib/ruby/gems/2.3.0/gems/web-console-2.2.1/lib/web_console/templates/_markup.html.erb (0.2ms)
  Rendered /Users/DavidRaj/.rbenv/versions/2.3.0/lib/ruby/gems/2.3.0/gems/web-console-2.2.1/lib/web_console/templates/_inner_console_markup.html.erb within layouts/inlined_string (0.3ms)
  Rendered /Users/DavidRaj/.rbenv/versions/2.3.0/lib/ruby/gems/2.3.0/gems/web-console-2.2.1/lib/web_console/templates/_prompt_box_markup.html.erb within layouts/inlined_string (0.3ms)
  Rendered /Users/DavidRaj/.rbenv/versions/2.3.0/lib/ruby/gems/2.3.0/gems/web-console-2.2.1/lib/web_console/templates/style.css.erb within layouts/inlined_string (0.6ms)
  Rendered /Users/DavidRaj/.rbenv/versions/2.3.0/lib/ruby/gems/2.3.0/gems/web-console-2.2.1/lib/web_console/templates/console.js.erb within layouts/javascript (49.5ms)
  Rendered /Users/DavidRaj/.rbenv/versions/2.3.0/lib/ruby/gems/2.3.0/gems/web-console-2.2.1/lib/web_console/templates/main.js.erb within layouts/javascript (0.3ms)
  Rendered /Users/DavidRaj/.rbenv/versions/2.3.0/lib/ruby/gems/2.3.0/gems/web-console-2.2.1/lib/web_console/templates/error_page.js.erb within layouts/javascript (0.8ms)
  Rendered /Users/DavidRaj/.rbenv/versions/2.3.0/lib/ruby/gems/2.3.0/gems/web-console-2.2.1/lib/web_console/templates/index.html.erb (111.8ms)


Started GET "/urls/new" for ::1 at 2017-05-11 11:56:13 +0800
Processing by UrlsController#new as HTML
  Rendered urls/_form.html.erb (25.1ms)
  Rendered urls/new.html.erb within layouts/application (27.9ms)
Completed 200 OK in 51ms (Views: 42.4ms | ActiveRecord: 2.3ms)


Started GET "/" for ::1 at 2017-05-11 11:59:18 +0800
Processing by UrlsController#index as HTML
  [1m[35mUrl Load (0.2ms)[0m  SELECT "urls".* FROM "urls"
  Rendered urls/index.html.erb within layouts/application (1.3ms)
Completed 200 OK in 15ms (Views: 14.0ms | ActiveRecord: 0.2ms)


Started GET "/assets/urls.self-e3b0c44298fc1c149afbf4c8996fb92427ae41e4649b934ca495991b7852b855.css?body=1" for ::1 at 2017-05-11 11:59:18 +0800


Started GET "/assets/urls.self-19a187bec6cdb96d6de80a61c16c857c613536adf9138476bd367db38d282635.js?body=1" for ::1 at 2017-05-11 11:59:18 +0800


Started GET "/assets/application.self-3b8dabdc891efe46b9a144b400ad69e37d7e5876bdc39dee783419a69d7ca819.js?body=1" for ::1 at 2017-05-11 11:59:18 +0800


Started GET "/assets/application.self-e80e8f2318043e8af94dddc2adad5a4f09739a8ebb323b3ab31cd71d45fd9113.css?body=1" for ::1 at 2017-05-11 11:59:18 +0800


Started GET "/assets/jquery.self-a714331225dda820228db323939889f149aec0127aeb06255646b616ba1ca419.js?body=1" for ::1 at 2017-05-11 11:59:18 +0800


Started GET "/assets/jquery_ujs.self-d456baa54c1fa6be2ec3711f0a72ddf7a5b2f34a6b4f515f33767d6207b7d4b3.js?body=1" for ::1 at 2017-05-11 11:59:18 +0800


Started GET "/assets/turbolinks.self-c37727e9bd6b2735da5c311aa83fead54ed0be6cc8bd9a65309e9c5abe2cbfff.js?body=1" for ::1 at 2017-05-11 11:59:18 +0800


Started GET "/urls/new" for ::1 at 2017-05-11 11:59:20 +0800
Processing by UrlsController#new as HTML
  Rendered urls/_form.html.erb (1.0ms)
  Rendered urls/new.html.erb within layouts/application (2.7ms)
Completed 200 OK in 17ms (Views: 16.4ms | ActiveRecord: 0.0ms)


Started GET "/urls/new" for ::1 at 2017-05-11 11:59:33 +0800
Processing by UrlsController#new as HTML
  Rendered urls/_form.html.erb (0.9ms)
  Rendered urls/new.html.erb within layouts/application (1.8ms)
Completed 200 OK in 16ms (Views: 14.5ms | ActiveRecord: 0.0ms)


Started GET "/" for ::1 at 2017-05-11 11:59:34 +0800
Processing by UrlsController#index as HTML
  [1m[36mUrl Load (2.1ms)[0m  [1mSELECT "urls".* FROM "urls"[0m
  Rendered urls/index.html.erb within layouts/application (3.8ms)
Completed 200 OK in 23ms (Views: 20.1ms | ActiveRecord: 2.1ms)


Started GET "/" for ::1 at 2017-05-11 11:59:35 +0800
Processing by UrlsController#index as HTML
  [1m[35mUrl Load (0.3ms)[0m  SELECT "urls".* FROM "urls"
  Rendered urls/index.html.erb within layouts/application (1.2ms)
Completed 200 OK in 13ms (Views: 12.1ms | ActiveRecord: 0.3ms)


Started GET "/" for ::1 at 2017-05-11 11:59:46 +0800
Processing by UrlsController#index as HTML
  [1m[36mUrl Load (0.3ms)[0m  [1mSELECT "urls".* FROM "urls"[0m
  Rendered urls/index.html.erb within layouts/application (1.4ms)
Completed 200 OK in 22ms (Views: 20.7ms | ActiveRecord: 0.3ms)


Started GET "/urls/new" for ::1 at 2017-05-11 12:26:24 +0800

SyntaxError (/Users/DavidRaj/Desktop/url_shortener-1/app/controllers/urls_controller.rb:26: syntax error, unexpected end-of-input, expecting keyword_end):
  app/controllers/urls_controller.rb:26: syntax error, unexpected end-of-input, expecting keyword_end


  Rendered /Users/DavidRaj/.rbenv/versions/2.3.0/lib/ruby/gems/2.3.0/gems/actionpack-4.2.5/lib/action_dispatch/middleware/templates/rescues/_source.erb (3.5ms)
  Rendered /Users/DavidRaj/.rbenv/versions/2.3.0/lib/ruby/gems/2.3.0/gems/actionpack-4.2.5/lib/action_dispatch/middleware/templates/rescues/_trace.html.erb (1.4ms)
  Rendered /Users/DavidRaj/.rbenv/versions/2.3.0/lib/ruby/gems/2.3.0/gems/actionpack-4.2.5/lib/action_dispatch/middleware/templates/rescues/_request_and_response.html.erb (0.9ms)
  Rendered /Users/DavidRaj/.rbenv/versions/2.3.0/lib/ruby/gems/2.3.0/gems/actionpack-4.2.5/lib/action_dispatch/middleware/templates/rescues/diagnostics.html.erb within rescues/layout (52.2ms)
  Rendered /Users/DavidRaj/.rbenv/versions/2.3.0/lib/ruby/gems/2.3.0/gems/web-console-2.2.1/lib/web_console/templates/_markup.html.erb (0.3ms)
  Rendered /Users/DavidRaj/.rbenv/versions/2.3.0/lib/ruby/gems/2.3.0/gems/web-console-2.2.1/lib/web_console/templates/_inner_console_markup.html.erb within layouts/inlined_string (0.2ms)
  Rendered /Users/DavidRaj/.rbenv/versions/2.3.0/lib/ruby/gems/2.3.0/gems/web-console-2.2.1/lib/web_console/templates/_prompt_box_markup.html.erb within layouts/inlined_string (0.3ms)
  Rendered /Users/DavidRaj/.rbenv/versions/2.3.0/lib/ruby/gems/2.3.0/gems/web-console-2.2.1/lib/web_console/templates/style.css.erb within layouts/inlined_string (0.4ms)
  Rendered /Users/DavidRaj/.rbenv/versions/2.3.0/lib/ruby/gems/2.3.0/gems/web-console-2.2.1/lib/web_console/templates/console.js.erb within layouts/javascript (41.6ms)
  Rendered /Users/DavidRaj/.rbenv/versions/2.3.0/lib/ruby/gems/2.3.0/gems/web-console-2.2.1/lib/web_console/templates/main.js.erb within layouts/javascript (0.2ms)
  Rendered /Users/DavidRaj/.rbenv/versions/2.3.0/lib/ruby/gems/2.3.0/gems/web-console-2.2.1/lib/web_console/templates/error_page.js.erb within layouts/javascript (0.4ms)
  Rendered /Users/DavidRaj/.rbenv/versions/2.3.0/lib/ruby/gems/2.3.0/gems/web-console-2.2.1/lib/web_console/templates/index.html.erb (93.8ms)


Started GET "/urls/new" for ::1 at 2017-05-11 12:26:24 +0800

SyntaxError (/Users/DavidRaj/Desktop/url_shortener-1/app/controllers/urls_controller.rb:26: syntax error, unexpected end-of-input, expecting keyword_end):
  app/controllers/urls_controller.rb:26: syntax error, unexpected end-of-input, expecting keyword_end


  Rendered /Users/DavidRaj/.rbenv/versions/2.3.0/lib/ruby/gems/2.3.0/gems/actionpack-4.2.5/lib/action_dispatch/middleware/templates/rescues/_source.erb (2.9ms)
  Rendered /Users/DavidRaj/.rbenv/versions/2.3.0/lib/ruby/gems/2.3.0/gems/actionpack-4.2.5/lib/action_dispatch/middleware/templates/rescues/_trace.html.erb (1.5ms)
  Rendered /Users/DavidRaj/.rbenv/versions/2.3.0/lib/ruby/gems/2.3.0/gems/actionpack-4.2.5/lib/action_dispatch/middleware/templates/rescues/_request_and_response.html.erb (1.0ms)
  Rendered /Users/DavidRaj/.rbenv/versions/2.3.0/lib/ruby/gems/2.3.0/gems/actionpack-4.2.5/lib/action_dispatch/middleware/templates/rescues/diagnostics.html.erb within rescues/layout (47.8ms)
  Rendered /Users/DavidRaj/.rbenv/versions/2.3.0/lib/ruby/gems/2.3.0/gems/web-console-2.2.1/lib/web_console/templates/_markup.html.erb (0.4ms)
  Rendered /Users/DavidRaj/.rbenv/versions/2.3.0/lib/ruby/gems/2.3.0/gems/web-console-2.2.1/lib/web_console/templates/_inner_console_markup.html.erb within layouts/inlined_string (0.3ms)
  Rendered /Users/DavidRaj/.rbenv/versions/2.3.0/lib/ruby/gems/2.3.0/gems/web-console-2.2.1/lib/web_console/templates/_prompt_box_markup.html.erb within layouts/inlined_string (0.3ms)
  Rendered /Users/DavidRaj/.rbenv/versions/2.3.0/lib/ruby/gems/2.3.0/gems/web-console-2.2.1/lib/web_console/templates/style.css.erb within layouts/inlined_string (0.3ms)
  Rendered /Users/DavidRaj/.rbenv/versions/2.3.0/lib/ruby/gems/2.3.0/gems/web-console-2.2.1/lib/web_console/templates/console.js.erb within layouts/javascript (46.9ms)
  Rendered /Users/DavidRaj/.rbenv/versions/2.3.0/lib/ruby/gems/2.3.0/gems/web-console-2.2.1/lib/web_console/templates/main.js.erb within layouts/javascript (0.5ms)
  Rendered /Users/DavidRaj/.rbenv/versions/2.3.0/lib/ruby/gems/2.3.0/gems/web-console-2.2.1/lib/web_console/templates/error_page.js.erb within layouts/javascript (0.7ms)
  Rendered /Users/DavidRaj/.rbenv/versions/2.3.0/lib/ruby/gems/2.3.0/gems/web-console-2.2.1/lib/web_console/templates/index.html.erb (119.0ms)


Started GET "/urls/new" for ::1 at 2017-05-11 12:26:48 +0800
Processing by UrlsController#new as HTML
  Rendered urls/_form.html.erb (1.8ms)
  Rendered urls/new.html.erb within layouts/application (3.8ms)
Completed 200 OK in 22ms (Views: 16.7ms | ActiveRecord: 1.5ms)


Started POST "/urls" for ::1 at 2017-05-11 12:26:56 +0800
Processing by UrlsController#create as JS
  Parameters: {"utf8"=>"✓", "url"=>{"long_url"=>"www.google.com"}, "commit"=>"Shorten URL!"}
Completed 500 Internal Server Error in 13ms (ActiveRecord: 0.0ms)

NameError (undefined local variable or method `url_params' for #<UrlsController:0x007fe628b7afc8>
Did you mean?  url_for):
  app/controllers/urls_controller.rb:11:in `create'


  Rendered /Users/DavidRaj/.rbenv/versions/2.3.0/lib/ruby/gems/2.3.0/gems/actionpack-4.2.5/lib/action_dispatch/middleware/templates/rescues/_source.erb (2.7ms)
  Rendered /Users/DavidRaj/.rbenv/versions/2.3.0/lib/ruby/gems/2.3.0/gems/actionpack-4.2.5/lib/action_dispatch/middleware/templates/rescues/_trace.text.erb (0.5ms)
  Rendered /Users/DavidRaj/.rbenv/versions/2.3.0/lib/ruby/gems/2.3.0/gems/actionpack-4.2.5/lib/action_dispatch/middleware/templates/rescues/_request_and_response.text.erb (0.5ms)
  Rendered /Users/DavidRaj/.rbenv/versions/2.3.0/lib/ruby/gems/2.3.0/gems/actionpack-4.2.5/lib/action_dispatch/middleware/templates/rescues/diagnostics.text.erb (48.3ms)
  Rendered /Users/DavidRaj/.rbenv/versions/2.3.0/lib/ruby/gems/2.3.0/gems/web-console-2.2.1/lib/web_console/templates/_markup.html.erb (0.2ms)
  Rendered /Users/DavidRaj/.rbenv/versions/2.3.0/lib/ruby/gems/2.3.0/gems/web-console-2.2.1/lib/web_console/templates/_inner_console_markup.html.erb within layouts/inlined_string (0.2ms)
  Rendered /Users/DavidRaj/.rbenv/versions/2.3.0/lib/ruby/gems/2.3.0/gems/web-console-2.2.1/lib/web_console/templates/_prompt_box_markup.html.erb within layouts/inlined_string (0.4ms)
  Rendered /Users/DavidRaj/.rbenv/versions/2.3.0/lib/ruby/gems/2.3.0/gems/web-console-2.2.1/lib/web_console/templates/style.css.erb within layouts/inlined_string (0.2ms)
  Rendered /Users/DavidRaj/.rbenv/versions/2.3.0/lib/ruby/gems/2.3.0/gems/web-console-2.2.1/lib/web_console/templates/console.js.erb within layouts/javascript (46.4ms)
  Rendered /Users/DavidRaj/.rbenv/versions/2.3.0/lib/ruby/gems/2.3.0/gems/web-console-2.2.1/lib/web_console/templates/main.js.erb within layouts/javascript (0.2ms)
  Rendered /Users/DavidRaj/.rbenv/versions/2.3.0/lib/ruby/gems/2.3.0/gems/web-console-2.2.1/lib/web_console/templates/error_page.js.erb within layouts/javascript (0.3ms)
  Rendered /Users/DavidRaj/.rbenv/versions/2.3.0/lib/ruby/gems/2.3.0/gems/web-console-2.2.1/lib/web_console/templates/index.html.erb (93.6ms)


Started POST "/urls" for ::1 at 2017-05-11 12:27:00 +0800
Processing by UrlsController#create as JS
  Parameters: {"utf8"=>"✓", "url"=>{"long_url"=>"www.google.com"}, "commit"=>"Shorten URL!"}
Completed 500 Internal Server Error in 16ms (ActiveRecord: 0.0ms)

NameError (undefined local variable or method `url_params' for #<UrlsController:0x007fe62d0a4770>
Did you mean?  url_for):
  app/controllers/urls_controller.rb:11:in `create'


  Rendered /Users/DavidRaj/.rbenv/versions/2.3.0/lib/ruby/gems/2.3.0/gems/actionpack-4.2.5/lib/action_dispatch/middleware/templates/rescues/_source.erb (1.8ms)
  Rendered /Users/DavidRaj/.rbenv/versions/2.3.0/lib/ruby/gems/2.3.0/gems/actionpack-4.2.5/lib/action_dispatch/middleware/templates/rescues/_trace.text.erb (0.4ms)
  Rendered /Users/DavidRaj/.rbenv/versions/2.3.0/lib/ruby/gems/2.3.0/gems/actionpack-4.2.5/lib/action_dispatch/middleware/templates/rescues/_request_and_response.text.erb (0.6ms)
  Rendered /Users/DavidRaj/.rbenv/versions/2.3.0/lib/ruby/gems/2.3.0/gems/actionpack-4.2.5/lib/action_dispatch/middleware/templates/rescues/diagnostics.text.erb (47.9ms)
  Rendered /Users/DavidRaj/.rbenv/versions/2.3.0/lib/ruby/gems/2.3.0/gems/web-console-2.2.1/lib/web_console/templates/_markup.html.erb (0.3ms)
  Rendered /Users/DavidRaj/.rbenv/versions/2.3.0/lib/ruby/gems/2.3.0/gems/web-console-2.2.1/lib/web_console/templates/_inner_console_markup.html.erb within layouts/inlined_string (0.2ms)
  Rendered /Users/DavidRaj/.rbenv/versions/2.3.0/lib/ruby/gems/2.3.0/gems/web-console-2.2.1/lib/web_console/templates/_prompt_box_markup.html.erb within layouts/inlined_string (0.2ms)
  Rendered /Users/DavidRaj/.rbenv/versions/2.3.0/lib/ruby/gems/2.3.0/gems/web-console-2.2.1/lib/web_console/templates/style.css.erb within layouts/inlined_string (0.3ms)
  Rendered /Users/DavidRaj/.rbenv/versions/2.3.0/lib/ruby/gems/2.3.0/gems/web-console-2.2.1/lib/web_console/templates/console.js.erb within layouts/javascript (38.6ms)
  Rendered /Users/DavidRaj/.rbenv/versions/2.3.0/lib/ruby/gems/2.3.0/gems/web-console-2.2.1/lib/web_console/templates/main.js.erb within layouts/javascript (0.2ms)
  Rendered /Users/DavidRaj/.rbenv/versions/2.3.0/lib/ruby/gems/2.3.0/gems/web-console-2.2.1/lib/web_console/templates/error_page.js.erb within layouts/javascript (0.3ms)
  Rendered /Users/DavidRaj/.rbenv/versions/2.3.0/lib/ruby/gems/2.3.0/gems/web-console-2.2.1/lib/web_console/templates/index.html.erb (85.7ms)


Started POST "/urls" for ::1 at 2017-05-11 12:29:19 +0800
Processing by UrlsController#create as JS
  Parameters: {"utf8"=>"✓", "url"=>{"long_url"=>"www.google.com"}, "commit"=>"Shorten URL!"}
Completed 500 Internal Server Error in 21ms (ActiveRecord: 0.0ms)

NameError (undefined local variable or method `url_params' for #<UrlsController:0x007fe626258280>
Did you mean?  url_for):
  app/controllers/urls_controller.rb:11:in `create'


  Rendered /Users/DavidRaj/.rbenv/versions/2.3.0/lib/ruby/gems/2.3.0/gems/actionpack-4.2.5/lib/action_dispatch/middleware/templates/rescues/_source.erb (2.1ms)
  Rendered /Users/DavidRaj/.rbenv/versions/2.3.0/lib/ruby/gems/2.3.0/gems/actionpack-4.2.5/lib/action_dispatch/middleware/templates/rescues/_trace.text.erb (0.4ms)
  Rendered /Users/DavidRaj/.rbenv/versions/2.3.0/lib/ruby/gems/2.3.0/gems/actionpack-4.2.5/lib/action_dispatch/middleware/templates/rescues/_request_and_response.text.erb (0.6ms)
  Rendered /Users/DavidRaj/.rbenv/versions/2.3.0/lib/ruby/gems/2.3.0/gems/actionpack-4.2.5/lib/action_dispatch/middleware/templates/rescues/diagnostics.text.erb (45.3ms)
  Rendered /Users/DavidRaj/.rbenv/versions/2.3.0/lib/ruby/gems/2.3.0/gems/web-console-2.2.1/lib/web_console/templates/_markup.html.erb (0.2ms)
  Rendered /Users/DavidRaj/.rbenv/versions/2.3.0/lib/ruby/gems/2.3.0/gems/web-console-2.2.1/lib/web_console/templates/_inner_console_markup.html.erb within layouts/inlined_string (0.2ms)
  Rendered /Users/DavidRaj/.rbenv/versions/2.3.0/lib/ruby/gems/2.3.0/gems/web-console-2.2.1/lib/web_console/templates/_prompt_box_markup.html.erb within layouts/inlined_string (0.2ms)
  Rendered /Users/DavidRaj/.rbenv/versions/2.3.0/lib/ruby/gems/2.3.0/gems/web-console-2.2.1/lib/web_console/templates/style.css.erb within layouts/inlined_string (0.2ms)
  Rendered /Users/DavidRaj/.rbenv/versions/2.3.0/lib/ruby/gems/2.3.0/gems/web-console-2.2.1/lib/web_console/templates/console.js.erb within layouts/javascript (38.4ms)
  Rendered /Users/DavidRaj/.rbenv/versions/2.3.0/lib/ruby/gems/2.3.0/gems/web-console-2.2.1/lib/web_console/templates/main.js.erb within layouts/javascript (0.2ms)
  Rendered /Users/DavidRaj/.rbenv/versions/2.3.0/lib/ruby/gems/2.3.0/gems/web-console-2.2.1/lib/web_console/templates/error_page.js.erb within layouts/javascript (0.6ms)
  Rendered /Users/DavidRaj/.rbenv/versions/2.3.0/lib/ruby/gems/2.3.0/gems/web-console-2.2.1/lib/web_console/templates/index.html.erb (86.0ms)


Started POST "/urls" for ::1 at 2017-05-11 12:29:20 +0800
Processing by UrlsController#create as JS
  Parameters: {"utf8"=>"✓", "url"=>{"long_url"=>"www.google.com"}, "commit"=>"Shorten URL!"}
Completed 500 Internal Server Error in 14ms (ActiveRecord: 0.0ms)

NameError (undefined local variable or method `url_params' for #<UrlsController:0x007fe62b6d8940>
Did you mean?  url_for):
  app/controllers/urls_controller.rb:11:in `create'


  Rendered /Users/DavidRaj/.rbenv/versions/2.3.0/lib/ruby/gems/2.3.0/gems/actionpack-4.2.5/lib/action_dispatch/middleware/templates/rescues/_source.erb (2.0ms)
  Rendered /Users/DavidRaj/.rbenv/versions/2.3.0/lib/ruby/gems/2.3.0/gems/actionpack-4.2.5/lib/action_dispatch/middleware/templates/rescues/_trace.text.erb (0.5ms)
  Rendered /Users/DavidRaj/.rbenv/versions/2.3.0/lib/ruby/gems/2.3.0/gems/actionpack-4.2.5/lib/action_dispatch/middleware/templates/rescues/_request_and_response.text.erb (0.6ms)
  Rendered /Users/DavidRaj/.rbenv/versions/2.3.0/lib/ruby/gems/2.3.0/gems/actionpack-4.2.5/lib/action_dispatch/middleware/templates/rescues/diagnostics.text.erb (51.9ms)
  Rendered /Users/DavidRaj/.rbenv/versions/2.3.0/lib/ruby/gems/2.3.0/gems/web-console-2.2.1/lib/web_console/templates/_markup.html.erb (0.3ms)
  Rendered /Users/DavidRaj/.rbenv/versions/2.3.0/lib/ruby/gems/2.3.0/gems/web-console-2.2.1/lib/web_console/templates/_inner_console_markup.html.erb within layouts/inlined_string (0.3ms)
  Rendered /Users/DavidRaj/.rbenv/versions/2.3.0/lib/ruby/gems/2.3.0/gems/web-console-2.2.1/lib/web_console/templates/_prompt_box_markup.html.erb within layouts/inlined_string (0.3ms)
  Rendered /Users/DavidRaj/.rbenv/versions/2.3.0/lib/ruby/gems/2.3.0/gems/web-console-2.2.1/lib/web_console/templates/style.css.erb within layouts/inlined_string (0.4ms)
  Rendered /Users/DavidRaj/.rbenv/versions/2.3.0/lib/ruby/gems/2.3.0/gems/web-console-2.2.1/lib/web_console/templates/console.js.erb within layouts/javascript (42.1ms)
  Rendered /Users/DavidRaj/.rbenv/versions/2.3.0/lib/ruby/gems/2.3.0/gems/web-console-2.2.1/lib/web_console/templates/main.js.erb within layouts/javascript (0.2ms)
  Rendered /Users/DavidRaj/.rbenv/versions/2.3.0/lib/ruby/gems/2.3.0/gems/web-console-2.2.1/lib/web_console/templates/error_page.js.erb within layouts/javascript (0.3ms)
  Rendered /Users/DavidRaj/.rbenv/versions/2.3.0/lib/ruby/gems/2.3.0/gems/web-console-2.2.1/lib/web_console/templates/index.html.erb (92.7ms)


Started POST "/urls" for ::1 at 2017-05-11 12:29:20 +0800
Processing by UrlsController#create as JS
  Parameters: {"utf8"=>"✓", "url"=>{"long_url"=>"www.google.com"}, "commit"=>"Shorten URL!"}
Completed 500 Internal Server Error in 13ms (ActiveRecord: 0.0ms)

NameError (undefined local variable or method `url_params' for #<UrlsController:0x007fe62b463480>
Did you mean?  url_for):
  app/controllers/urls_controller.rb:11:in `create'


  Rendered /Users/DavidRaj/.rbenv/versions/2.3.0/lib/ruby/gems/2.3.0/gems/actionpack-4.2.5/lib/action_dispatch/middleware/templates/rescues/_source.erb (2.0ms)
  Rendered /Users/DavidRaj/.rbenv/versions/2.3.0/lib/ruby/gems/2.3.0/gems/actionpack-4.2.5/lib/action_dispatch/middleware/templates/rescues/_trace.text.erb (0.7ms)
  Rendered /Users/DavidRaj/.rbenv/versions/2.3.0/lib/ruby/gems/2.3.0/gems/actionpack-4.2.5/lib/action_dispatch/middleware/templates/rescues/_request_and_response.text.erb (0.8ms)
  Rendered /Users/DavidRaj/.rbenv/versions/2.3.0/lib/ruby/gems/2.3.0/gems/actionpack-4.2.5/lib/action_dispatch/middleware/templates/rescues/diagnostics.text.erb (59.1ms)
  Rendered /Users/DavidRaj/.rbenv/versions/2.3.0/lib/ruby/gems/2.3.0/gems/web-console-2.2.1/lib/web_console/templates/_markup.html.erb (0.3ms)
  Rendered /Users/DavidRaj/.rbenv/versions/2.3.0/lib/ruby/gems/2.3.0/gems/web-console-2.2.1/lib/web_console/templates/_inner_console_markup.html.erb within layouts/inlined_string (0.3ms)
  Rendered /Users/DavidRaj/.rbenv/versions/2.3.0/lib/ruby/gems/2.3.0/gems/web-console-2.2.1/lib/web_console/templates/_prompt_box_markup.html.erb within layouts/inlined_string (0.4ms)
  Rendered /Users/DavidRaj/.rbenv/versions/2.3.0/lib/ruby/gems/2.3.0/gems/web-console-2.2.1/lib/web_console/templates/style.css.erb within layouts/inlined_string (0.3ms)
  Rendered /Users/DavidRaj/.rbenv/versions/2.3.0/lib/ruby/gems/2.3.0/gems/web-console-2.2.1/lib/web_console/templates/console.js.erb within layouts/javascript (46.0ms)
  Rendered /Users/DavidRaj/.rbenv/versions/2.3.0/lib/ruby/gems/2.3.0/gems/web-console-2.2.1/lib/web_console/templates/main.js.erb within layouts/javascript (0.3ms)
  Rendered /Users/DavidRaj/.rbenv/versions/2.3.0/lib/ruby/gems/2.3.0/gems/web-console-2.2.1/lib/web_console/templates/error_page.js.erb within layouts/javascript (0.6ms)
  Rendered /Users/DavidRaj/.rbenv/versions/2.3.0/lib/ruby/gems/2.3.0/gems/web-console-2.2.1/lib/web_console/templates/index.html.erb (101.0ms)


Started POST "/urls" for ::1 at 2017-05-11 12:29:20 +0800
Processing by UrlsController#create as JS
  Parameters: {"utf8"=>"✓", "url"=>{"long_url"=>"www.google.com"}, "commit"=>"Shorten URL!"}
Completed 500 Internal Server Error in 13ms (ActiveRecord: 0.0ms)

NameError (undefined local variable or method `url_params' for #<UrlsController:0x007fe625447a60>
Did you mean?  url_for):
  app/controllers/urls_controller.rb:11:in `create'


  Rendered /Users/DavidRaj/.rbenv/versions/2.3.0/lib/ruby/gems/2.3.0/gems/actionpack-4.2.5/lib/action_dispatch/middleware/templates/rescues/_source.erb (1.9ms)
  Rendered /Users/DavidRaj/.rbenv/versions/2.3.0/lib/ruby/gems/2.3.0/gems/actionpack-4.2.5/lib/action_dispatch/middleware/templates/rescues/_trace.text.erb (0.6ms)
  Rendered /Users/DavidRaj/.rbenv/versions/2.3.0/lib/ruby/gems/2.3.0/gems/actionpack-4.2.5/lib/action_dispatch/middleware/templates/rescues/_request_and_response.text.erb (0.6ms)
  Rendered /Users/DavidRaj/.rbenv/versions/2.3.0/lib/ruby/gems/2.3.0/gems/actionpack-4.2.5/lib/action_dispatch/middleware/templates/rescues/diagnostics.text.erb (45.0ms)
  Rendered /Users/DavidRaj/.rbenv/versions/2.3.0/lib/ruby/gems/2.3.0/gems/web-console-2.2.1/lib/web_console/templates/_markup.html.erb (0.2ms)
  Rendered /Users/DavidRaj/.rbenv/versions/2.3.0/lib/ruby/gems/2.3.0/gems/web-console-2.2.1/lib/web_console/templates/_inner_console_markup.html.erb within layouts/inlined_string (0.2ms)
  Rendered /Users/DavidRaj/.rbenv/versions/2.3.0/lib/ruby/gems/2.3.0/gems/web-console-2.2.1/lib/web_console/templates/_prompt_box_markup.html.erb within layouts/inlined_string (0.2ms)
  Rendered /Users/DavidRaj/.rbenv/versions/2.3.0/lib/ruby/gems/2.3.0/gems/web-console-2.2.1/lib/web_console/templates/style.css.erb within layouts/inlined_string (0.3ms)
  Rendered /Users/DavidRaj/.rbenv/versions/2.3.0/lib/ruby/gems/2.3.0/gems/web-console-2.2.1/lib/web_console/templates/console.js.erb within layouts/javascript (44.1ms)
  Rendered /Users/DavidRaj/.rbenv/versions/2.3.0/lib/ruby/gems/2.3.0/gems/web-console-2.2.1/lib/web_console/templates/main.js.erb within layouts/javascript (0.2ms)
  Rendered /Users/DavidRaj/.rbenv/versions/2.3.0/lib/ruby/gems/2.3.0/gems/web-console-2.2.1/lib/web_console/templates/error_page.js.erb within layouts/javascript (0.6ms)
  Rendered /Users/DavidRaj/.rbenv/versions/2.3.0/lib/ruby/gems/2.3.0/gems/web-console-2.2.1/lib/web_console/templates/index.html.erb (94.9ms)


Started POST "/urls" for ::1 at 2017-05-11 12:29:21 +0800
Processing by UrlsController#create as JS
  Parameters: {"utf8"=>"✓", "url"=>{"long_url"=>"www.google.com"}, "commit"=>"Shorten URL!"}
Completed 500 Internal Server Error in 12ms (ActiveRecord: 0.0ms)

NameError (undefined local variable or method `url_params' for #<UrlsController:0x007fe6263b6208>
Did you mean?  url_for):
  app/controllers/urls_controller.rb:11:in `create'


  Rendered /Users/DavidRaj/.rbenv/versions/2.3.0/lib/ruby/gems/2.3.0/gems/actionpack-4.2.5/lib/action_dispatch/middleware/templates/rescues/_source.erb (1.8ms)
  Rendered /Users/DavidRaj/.rbenv/versions/2.3.0/lib/ruby/gems/2.3.0/gems/actionpack-4.2.5/lib/action_dispatch/middleware/templates/rescues/_trace.text.erb (0.6ms)
  Rendered /Users/DavidRaj/.rbenv/versions/2.3.0/lib/ruby/gems/2.3.0/gems/actionpack-4.2.5/lib/action_dispatch/middleware/templates/rescues/_request_and_response.text.erb (0.6ms)
  Rendered /Users/DavidRaj/.rbenv/versions/2.3.0/lib/ruby/gems/2.3.0/gems/actionpack-4.2.5/lib/action_dispatch/middleware/templates/rescues/diagnostics.text.erb (47.8ms)
  Rendered /Users/DavidRaj/.rbenv/versions/2.3.0/lib/ruby/gems/2.3.0/gems/web-console-2.2.1/lib/web_console/templates/_markup.html.erb (0.3ms)
  Rendered /Users/DavidRaj/.rbenv/versions/2.3.0/lib/ruby/gems/2.3.0/gems/web-console-2.2.1/lib/web_console/templates/_inner_console_markup.html.erb within layouts/inlined_string (0.3ms)
  Rendered /Users/DavidRaj/.rbenv/versions/2.3.0/lib/ruby/gems/2.3.0/gems/web-console-2.2.1/lib/web_console/templates/_prompt_box_markup.html.erb within layouts/inlined_string (0.5ms)
  Rendered /Users/DavidRaj/.rbenv/versions/2.3.0/lib/ruby/gems/2.3.0/gems/web-console-2.2.1/lib/web_console/templates/style.css.erb within layouts/inlined_string (0.3ms)
  Rendered /Users/DavidRaj/.rbenv/versions/2.3.0/lib/ruby/gems/2.3.0/gems/web-console-2.2.1/lib/web_console/templates/console.js.erb within layouts/javascript (41.0ms)
  Rendered /Users/DavidRaj/.rbenv/versions/2.3.0/lib/ruby/gems/2.3.0/gems/web-console-2.2.1/lib/web_console/templates/main.js.erb within layouts/javascript (0.2ms)
  Rendered /Users/DavidRaj/.rbenv/versions/2.3.0/lib/ruby/gems/2.3.0/gems/web-console-2.2.1/lib/web_console/templates/error_page.js.erb within layouts/javascript (0.3ms)
  Rendered /Users/DavidRaj/.rbenv/versions/2.3.0/lib/ruby/gems/2.3.0/gems/web-console-2.2.1/lib/web_console/templates/index.html.erb (90.6ms)


Started GET "/urls/new" for ::1 at 2017-05-11 12:29:21 +0800
Processing by UrlsController#new as HTML
  Rendered urls/_form.html.erb (1.1ms)
  Rendered urls/new.html.erb within layouts/application (1.9ms)
Completed 200 OK in 23ms (Views: 18.0ms | ActiveRecord: 1.6ms)


Started POST "/urls" for ::1 at 2017-05-11 12:29:31 +0800
Processing by UrlsController#create as JS
  Parameters: {"utf8"=>"✓", "url"=>{"long_url"=>"www.google.com"}, "commit"=>"Shorten URL!"}
Completed 500 Internal Server Error in 12ms (ActiveRecord: 0.0ms)

NameError (undefined local variable or method `url_params' for #<UrlsController:0x007fe62bd05520>
Did you mean?  url_for):
  app/controllers/urls_controller.rb:11:in `create'


  Rendered /Users/DavidRaj/.rbenv/versions/2.3.0/lib/ruby/gems/2.3.0/gems/actionpack-4.2.5/lib/action_dispatch/middleware/templates/rescues/_source.erb (1.8ms)
  Rendered /Users/DavidRaj/.rbenv/versions/2.3.0/lib/ruby/gems/2.3.0/gems/actionpack-4.2.5/lib/action_dispatch/middleware/templates/rescues/_trace.text.erb (0.4ms)
  Rendered /Users/DavidRaj/.rbenv/versions/2.3.0/lib/ruby/gems/2.3.0/gems/actionpack-4.2.5/lib/action_dispatch/middleware/templates/rescues/_request_and_response.text.erb (0.6ms)
  Rendered /Users/DavidRaj/.rbenv/versions/2.3.0/lib/ruby/gems/2.3.0/gems/actionpack-4.2.5/lib/action_dispatch/middleware/templates/rescues/diagnostics.text.erb (44.2ms)
  Rendered /Users/DavidRaj/.rbenv/versions/2.3.0/lib/ruby/gems/2.3.0/gems/web-console-2.2.1/lib/web_console/templates/_markup.html.erb (0.3ms)
  Rendered /Users/DavidRaj/.rbenv/versions/2.3.0/lib/ruby/gems/2.3.0/gems/web-console-2.2.1/lib/web_console/templates/_inner_console_markup.html.erb within layouts/inlined_string (0.3ms)
  Rendered /Users/DavidRaj/.rbenv/versions/2.3.0/lib/ruby/gems/2.3.0/gems/web-console-2.2.1/lib/web_console/templates/_prompt_box_markup.html.erb within layouts/inlined_string (0.2ms)
  Rendered /Users/DavidRaj/.rbenv/versions/2.3.0/lib/ruby/gems/2.3.0/gems/web-console-2.2.1/lib/web_console/templates/style.css.erb within layouts/inlined_string (0.3ms)
  Rendered /Users/DavidRaj/.rbenv/versions/2.3.0/lib/ruby/gems/2.3.0/gems/web-console-2.2.1/lib/web_console/templates/console.js.erb within layouts/javascript (39.1ms)
  Rendered /Users/DavidRaj/.rbenv/versions/2.3.0/lib/ruby/gems/2.3.0/gems/web-console-2.2.1/lib/web_console/templates/main.js.erb within layouts/javascript (0.2ms)
  Rendered /Users/DavidRaj/.rbenv/versions/2.3.0/lib/ruby/gems/2.3.0/gems/web-console-2.2.1/lib/web_console/templates/error_page.js.erb within layouts/javascript (0.3ms)
  Rendered /Users/DavidRaj/.rbenv/versions/2.3.0/lib/ruby/gems/2.3.0/gems/web-console-2.2.1/lib/web_console/templates/index.html.erb (86.4ms)


Started GET "/urls/new" for ::1 at 2017-05-11 12:34:10 +0800
Processing by UrlsController#new as HTML
  Rendered urls/_form.html.erb (2.0ms)
  Rendered urls/new.html.erb within layouts/application (3.2ms)
Completed 200 OK in 25ms (Views: 18.2ms | ActiveRecord: 1.4ms)


Started GET "/assets/application.self-e80e8f2318043e8af94dddc2adad5a4f09739a8ebb323b3ab31cd71d45fd9113.css?body=1" for ::1 at 2017-05-11 12:34:11 +0800


Started GET "/assets/jquery_ujs.self-d456baa54c1fa6be2ec3711f0a72ddf7a5b2f34a6b4f515f33767d6207b7d4b3.js?body=1" for ::1 at 2017-05-11 12:34:11 +0800


Started GET "/assets/jquery.self-a714331225dda820228db323939889f149aec0127aeb06255646b616ba1ca419.js?body=1" for ::1 at 2017-05-11 12:34:11 +0800


Started GET "/assets/turbolinks.self-c37727e9bd6b2735da5c311aa83fead54ed0be6cc8bd9a65309e9c5abe2cbfff.js?body=1" for ::1 at 2017-05-11 12:34:11 +0800


Started GET "/assets/urls.self-19a187bec6cdb96d6de80a61c16c857c613536adf9138476bd367db38d282635.js?body=1" for ::1 at 2017-05-11 12:34:11 +0800


Started GET "/assets/urls.self-e3b0c44298fc1c149afbf4c8996fb92427ae41e4649b934ca495991b7852b855.css?body=1" for ::1 at 2017-05-11 12:34:11 +0800


Started GET "/assets/application.self-3b8dabdc891efe46b9a144b400ad69e37d7e5876bdc39dee783419a69d7ca819.js?body=1" for ::1 at 2017-05-11 12:34:11 +0800


Started POST "/urls" for ::1 at 2017-05-11 12:34:15 +0800
Processing by UrlsController#create as JS
  Parameters: {"utf8"=>"✓", "url"=>{"long_url"=>"www.google.com"}, "commit"=>"Shorten URL!"}
Completed 500 Internal Server Error in 14ms (ActiveRecord: 0.0ms)

NameError (undefined local variable or method `url_params' for #<UrlsController:0x007fe626776f00>
Did you mean?  url_for):
  app/controllers/urls_controller.rb:11:in `create'


  Rendered /Users/DavidRaj/.rbenv/versions/2.3.0/lib/ruby/gems/2.3.0/gems/actionpack-4.2.5/lib/action_dispatch/middleware/templates/rescues/_source.erb (1.9ms)
  Rendered /Users/DavidRaj/.rbenv/versions/2.3.0/lib/ruby/gems/2.3.0/gems/actionpack-4.2.5/lib/action_dispatch/middleware/templates/rescues/_trace.text.erb (0.5ms)
  Rendered /Users/DavidRaj/.rbenv/versions/2.3.0/lib/ruby/gems/2.3.0/gems/actionpack-4.2.5/lib/action_dispatch/middleware/templates/rescues/_request_and_response.text.erb (0.6ms)
  Rendered /Users/DavidRaj/.rbenv/versions/2.3.0/lib/ruby/gems/2.3.0/gems/actionpack-4.2.5/lib/action_dispatch/middleware/templates/rescues/diagnostics.text.erb (49.9ms)
  Rendered /Users/DavidRaj/.rbenv/versions/2.3.0/lib/ruby/gems/2.3.0/gems/web-console-2.2.1/lib/web_console/templates/_markup.html.erb (0.2ms)
  Rendered /Users/DavidRaj/.rbenv/versions/2.3.0/lib/ruby/gems/2.3.0/gems/web-console-2.2.1/lib/web_console/templates/_inner_console_markup.html.erb within layouts/inlined_string (0.3ms)
  Rendered /Users/DavidRaj/.rbenv/versions/2.3.0/lib/ruby/gems/2.3.0/gems/web-console-2.2.1/lib/web_console/templates/_prompt_box_markup.html.erb within layouts/inlined_string (0.5ms)
  Rendered /Users/DavidRaj/.rbenv/versions/2.3.0/lib/ruby/gems/2.3.0/gems/web-console-2.2.1/lib/web_console/templates/style.css.erb within layouts/inlined_string (0.3ms)
  Rendered /Users/DavidRaj/.rbenv/versions/2.3.0/lib/ruby/gems/2.3.0/gems/web-console-2.2.1/lib/web_console/templates/console.js.erb within layouts/javascript (46.0ms)
  Rendered /Users/DavidRaj/.rbenv/versions/2.3.0/lib/ruby/gems/2.3.0/gems/web-console-2.2.1/lib/web_console/templates/main.js.erb within layouts/javascript (0.3ms)
  Rendered /Users/DavidRaj/.rbenv/versions/2.3.0/lib/ruby/gems/2.3.0/gems/web-console-2.2.1/lib/web_console/templates/error_page.js.erb within layouts/javascript (0.3ms)
  Rendered /Users/DavidRaj/.rbenv/versions/2.3.0/lib/ruby/gems/2.3.0/gems/web-console-2.2.1/lib/web_console/templates/index.html.erb (93.3ms)


Started GET "/urls/new" for ::1 at 2017-05-11 12:41:03 +0800
Processing by UrlsController#new as HTML
  Rendered urls/_form.html.erb (2.2ms)
  Rendered urls/new.html.erb within layouts/application (3.3ms)
Completed 200 OK in 27ms (Views: 20.4ms | ActiveRecord: 1.4ms)


Started GET "/assets/urls.self-e3b0c44298fc1c149afbf4c8996fb92427ae41e4649b934ca495991b7852b855.css?body=1" for ::1 at 2017-05-11 12:41:03 +0800


Started GET "/assets/application.self-e80e8f2318043e8af94dddc2adad5a4f09739a8ebb323b3ab31cd71d45fd9113.css?body=1" for ::1 at 2017-05-11 12:41:03 +0800


Started GET "/assets/jquery.self-a714331225dda820228db323939889f149aec0127aeb06255646b616ba1ca419.js?body=1" for ::1 at 2017-05-11 12:41:03 +0800


Started GET "/assets/jquery_ujs.self-d456baa54c1fa6be2ec3711f0a72ddf7a5b2f34a6b4f515f33767d6207b7d4b3.js?body=1" for ::1 at 2017-05-11 12:41:03 +0800


Started GET "/assets/turbolinks.self-c37727e9bd6b2735da5c311aa83fead54ed0be6cc8bd9a65309e9c5abe2cbfff.js?body=1" for ::1 at 2017-05-11 12:41:03 +0800


Started GET "/assets/urls.self-19a187bec6cdb96d6de80a61c16c857c613536adf9138476bd367db38d282635.js?body=1" for ::1 at 2017-05-11 12:41:03 +0800


Started GET "/assets/application.self-3b8dabdc891efe46b9a144b400ad69e37d7e5876bdc39dee783419a69d7ca819.js?body=1" for ::1 at 2017-05-11 12:41:03 +0800


Started POST "/urls" for ::1 at 2017-05-11 12:41:08 +0800
Processing by UrlsController#create as JS
  Parameters: {"utf8"=>"✓", "url"=>{"long_url"=>"www.google.com"}, "commit"=>"Shorten URL!"}
  Rendered urls/_url.html.erb (0.4ms)
  Rendered urls/create.js.erb (2.4ms)
Completed 200 OK in 7ms (Views: 5.7ms | ActiveRecord: 0.0ms)


Started GET "/urls" for ::1 at 2017-05-11 12:41:48 +0800
Processing by UrlsController#index as HTML
  [1m[35mUrl Load (0.3ms)[0m  SELECT "urls".* FROM "urls"
  Rendered urls/index.html.erb within layouts/application (1.5ms)
Completed 200 OK in 14ms (Views: 13.6ms | ActiveRecord: 0.3ms)


Started GET "/urls" for ::1 at 2017-05-11 12:41:51 +0800
Processing by UrlsController#index as HTML
  [1m[36mUrl Load (0.3ms)[0m  [1mSELECT "urls".* FROM "urls"[0m
  Rendered urls/index.html.erb within layouts/application (1.0ms)
Completed 200 OK in 15ms (Views: 13.9ms | ActiveRecord: 0.3ms)


Started GET "/urls" for ::1 at 2017-05-11 12:42:47 +0800
Processing by UrlsController#index as HTML
  [1m[35mUrl Load (0.3ms)[0m  SELECT "urls".* FROM "urls"
  Rendered urls/index.html.erb within layouts/application (1.7ms)
Completed 200 OK in 18ms (Views: 16.1ms | ActiveRecord: 0.8ms)


Started GET "/urls/new" for ::1 at 2017-05-11 12:42:49 +0800
Processing by UrlsController#new as HTML
  Rendered urls/_form.html.erb (1.4ms)
  Rendered urls/new.html.erb within layouts/application (3.9ms)
Completed 200 OK in 22ms (Views: 16.8ms | ActiveRecord: 1.4ms)


Started POST "/urls" for ::1 at 2017-05-11 12:42:54 +0800
Processing by UrlsController#create as JS
  Parameters: {"utf8"=>"✓", "url"=>{"long_url"=>"www.facebook.com"}, "commit"=>"Shorten URL!"}
  [1m[36m (0.3ms)[0m  [1mBEGIN[0m
  [1m[35mSQL (1.1ms)[0m  INSERT INTO "urls" ("long_url", "short_url", "created_at", "updated_at") VALUES ($1, $2, $3, $4) RETURNING "id"  [["long_url", "www.facebook.com"], ["short_url", "epz1j63k"], ["created_at", "2017-05-11 04:42:54.282444"], ["updated_at", "2017-05-11 04:42:54.282444"]]
  [1m[36m (2.5ms)[0m  [1mCOMMIT[0m
  Rendered urls/_url.html.erb (0.1ms)
  Rendered urls/create.js.erb (3.2ms)
Completed 200 OK in 25ms (Views: 10.4ms | ActiveRecord: 4.0ms)


Started GET "/urls" for ::1 at 2017-05-11 12:42:55 +0800
Processing by UrlsController#index as HTML
  [1m[35mUrl Load (0.8ms)[0m  SELECT "urls".* FROM "urls"
  Rendered urls/index.html.erb within layouts/application (7.8ms)
Completed 500 Internal Server Error in 16ms (ActiveRecord: 0.8ms)

ActionView::Template::Error (No route matches {:action=>"short", :controller=>"urls", :id=>#<Url id: 1, long_url: "www.facebook.com", short_url: "epz1j63k", created_at: "2017-05-11 04:42:54", updated_at: "2017-05-11 04:42:54">}):
    16: <%  @urls.each do |url| %>
    17:     <tr>
    18:     <td> <a href = <%= url.long_url %> ><%= url.long_url %></a></td>
    19:     <td> <%= link_to url.short_url, controller: :urls, action: :short, id: url %></a> </td>
    20:     <td><%= link_to 'Delete', url_path(url), method: :delete, data: { confirm: 'Are you sure?' } %></td>
    21:     </tr>   
    22: <% end %>
  app/views/urls/index.html.erb:19:in `block in _app_views_urls_index_html_erb__2518595341039803115_70313251822400'
  app/views/urls/index.html.erb:16:in `_app_views_urls_index_html_erb__2518595341039803115_70313251822400'


  Rendered /Users/DavidRaj/.rbenv/versions/2.3.0/lib/ruby/gems/2.3.0/gems/actionpack-4.2.5/lib/action_dispatch/middleware/templates/rescues/_source.erb (4.3ms)
  Rendered /Users/DavidRaj/.rbenv/versions/2.3.0/lib/ruby/gems/2.3.0/gems/actionpack-4.2.5/lib/action_dispatch/middleware/templates/rescues/_trace.html.erb (1.8ms)
  Rendered /Users/DavidRaj/.rbenv/versions/2.3.0/lib/ruby/gems/2.3.0/gems/actionpack-4.2.5/lib/action_dispatch/middleware/templates/rescues/_request_and_response.html.erb (0.6ms)
  Rendered /Users/DavidRaj/.rbenv/versions/2.3.0/lib/ruby/gems/2.3.0/gems/actionpack-4.2.5/lib/action_dispatch/middleware/templates/rescues/template_error.html.erb within rescues/layout (45.4ms)
  Rendered /Users/DavidRaj/.rbenv/versions/2.3.0/lib/ruby/gems/2.3.0/gems/web-console-2.2.1/lib/web_console/templates/_markup.html.erb (0.2ms)
  Rendered /Users/DavidRaj/.rbenv/versions/2.3.0/lib/ruby/gems/2.3.0/gems/web-console-2.2.1/lib/web_console/templates/_inner_console_markup.html.erb within layouts/inlined_string (0.2ms)
  Rendered /Users/DavidRaj/.rbenv/versions/2.3.0/lib/ruby/gems/2.3.0/gems/web-console-2.2.1/lib/web_console/templates/_prompt_box_markup.html.erb within layouts/inlined_string (0.2ms)
  Rendered /Users/DavidRaj/.rbenv/versions/2.3.0/lib/ruby/gems/2.3.0/gems/web-console-2.2.1/lib/web_console/templates/style.css.erb within layouts/inlined_string (0.2ms)
  Rendered /Users/DavidRaj/.rbenv/versions/2.3.0/lib/ruby/gems/2.3.0/gems/web-console-2.2.1/lib/web_console/templates/console.js.erb within layouts/javascript (38.3ms)
  Rendered /Users/DavidRaj/.rbenv/versions/2.3.0/lib/ruby/gems/2.3.0/gems/web-console-2.2.1/lib/web_console/templates/main.js.erb within layouts/javascript (0.2ms)
  Rendered /Users/DavidRaj/.rbenv/versions/2.3.0/lib/ruby/gems/2.3.0/gems/web-console-2.2.1/lib/web_console/templates/error_page.js.erb within layouts/javascript (0.3ms)
  Rendered /Users/DavidRaj/.rbenv/versions/2.3.0/lib/ruby/gems/2.3.0/gems/web-console-2.2.1/lib/web_console/templates/index.html.erb (85.3ms)


Started GET "/urls" for ::1 at 2017-05-11 12:42:55 +0800
Processing by UrlsController#index as HTML
  [1m[36mUrl Load (0.4ms)[0m  [1mSELECT "urls".* FROM "urls"[0m
  Rendered urls/index.html.erb within layouts/application (3.3ms)
Completed 500 Internal Server Error in 6ms (ActiveRecord: 0.4ms)

ActionView::Template::Error (No route matches {:action=>"short", :controller=>"urls", :id=>#<Url id: 1, long_url: "www.facebook.com", short_url: "epz1j63k", created_at: "2017-05-11 04:42:54", updated_at: "2017-05-11 04:42:54">}):
    16: <%  @urls.each do |url| %>
    17:     <tr>
    18:     <td> <a href = <%= url.long_url %> ><%= url.long_url %></a></td>
    19:     <td> <%= link_to url.short_url, controller: :urls, action: :short, id: url %></a> </td>
    20:     <td><%= link_to 'Delete', url_path(url), method: :delete, data: { confirm: 'Are you sure?' } %></td>
    21:     </tr>   
    22: <% end %>
  app/views/urls/index.html.erb:19:in `block in _app_views_urls_index_html_erb__2518595341039803115_70313270795640'
  app/views/urls/index.html.erb:16:in `_app_views_urls_index_html_erb__2518595341039803115_70313270795640'


  Rendered /Users/DavidRaj/.rbenv/versions/2.3.0/lib/ruby/gems/2.3.0/gems/actionpack-4.2.5/lib/action_dispatch/middleware/templates/rescues/_source.erb (5.8ms)
  Rendered /Users/DavidRaj/.rbenv/versions/2.3.0/lib/ruby/gems/2.3.0/gems/actionpack-4.2.5/lib/action_dispatch/middleware/templates/rescues/_trace.html.erb (2.3ms)
  Rendered /Users/DavidRaj/.rbenv/versions/2.3.0/lib/ruby/gems/2.3.0/gems/actionpack-4.2.5/lib/action_dispatch/middleware/templates/rescues/_request_and_response.html.erb (0.8ms)
  Rendered /Users/DavidRaj/.rbenv/versions/2.3.0/lib/ruby/gems/2.3.0/gems/actionpack-4.2.5/lib/action_dispatch/middleware/templates/rescues/template_error.html.erb within rescues/layout (48.7ms)
  Rendered /Users/DavidRaj/.rbenv/versions/2.3.0/lib/ruby/gems/2.3.0/gems/web-console-2.2.1/lib/web_console/templates/_markup.html.erb (0.4ms)
  Rendered /Users/DavidRaj/.rbenv/versions/2.3.0/lib/ruby/gems/2.3.0/gems/web-console-2.2.1/lib/web_console/templates/_inner_console_markup.html.erb within layouts/inlined_string (0.3ms)
  Rendered /Users/DavidRaj/.rbenv/versions/2.3.0/lib/ruby/gems/2.3.0/gems/web-console-2.2.1/lib/web_console/templates/_prompt_box_markup.html.erb within layouts/inlined_string (0.4ms)
  Rendered /Users/DavidRaj/.rbenv/versions/2.3.0/lib/ruby/gems/2.3.0/gems/web-console-2.2.1/lib/web_console/templates/style.css.erb within layouts/inlined_string (0.7ms)
  Rendered /Users/DavidRaj/.rbenv/versions/2.3.0/lib/ruby/gems/2.3.0/gems/web-console-2.2.1/lib/web_console/templates/console.js.erb within layouts/javascript (49.3ms)
  Rendered /Users/DavidRaj/.rbenv/versions/2.3.0/lib/ruby/gems/2.3.0/gems/web-console-2.2.1/lib/web_console/templates/main.js.erb within layouts/javascript (0.3ms)
  Rendered /Users/DavidRaj/.rbenv/versions/2.3.0/lib/ruby/gems/2.3.0/gems/web-console-2.2.1/lib/web_console/templates/error_page.js.erb within layouts/javascript (0.5ms)
  Rendered /Users/DavidRaj/.rbenv/versions/2.3.0/lib/ruby/gems/2.3.0/gems/web-console-2.2.1/lib/web_console/templates/index.html.erb (111.3ms)


Started GET "/urls" for ::1 at 2017-05-11 12:46:20 +0800
Processing by UrlsController#index as HTML
  [1m[35mUrl Load (0.4ms)[0m  SELECT "urls".* FROM "urls"
  Rendered urls/index.html.erb within layouts/application (24.3ms)
Completed 500 Internal Server Error in 27ms (ActiveRecord: 0.4ms)

ActionView::Template::Error (undefined method `url_path' for #<#<Class:0x007fe628b68f08>:0x007fe62b9f14b0>
Did you mean?  urls_path):
    21:     <tr>
    22:     <td> <a href = <%= url.long_url %> ><%= url.long_url %></a></td>
    23:     <td> url.short_url </td>
    24:     <td><%= link_to 'Delete', url_path(url), method: :delete, data: { confirm: 'Are you sure?' } %></td>
    25:     </tr>   
    26: <% end %>
    27: </table>
  app/views/urls/index.html.erb:24:in `block in _app_views_urls_index_html_erb__2518595341039803115_70313231564600'
  app/views/urls/index.html.erb:20:in `_app_views_urls_index_html_erb__2518595341039803115_70313231564600'


  Rendered /Users/DavidRaj/.rbenv/versions/2.3.0/lib/ruby/gems/2.3.0/gems/actionpack-4.2.5/lib/action_dispatch/middleware/templates/rescues/_source.erb (4.8ms)
  Rendered /Users/DavidRaj/.rbenv/versions/2.3.0/lib/ruby/gems/2.3.0/gems/actionpack-4.2.5/lib/action_dispatch/middleware/templates/rescues/_trace.html.erb (2.0ms)
  Rendered /Users/DavidRaj/.rbenv/versions/2.3.0/lib/ruby/gems/2.3.0/gems/actionpack-4.2.5/lib/action_dispatch/middleware/templates/rescues/_request_and_response.html.erb (1.6ms)
  Rendered /Users/DavidRaj/.rbenv/versions/2.3.0/lib/ruby/gems/2.3.0/gems/actionpack-4.2.5/lib/action_dispatch/middleware/templates/rescues/template_error.html.erb within rescues/layout (63.5ms)
  Rendered /Users/DavidRaj/.rbenv/versions/2.3.0/lib/ruby/gems/2.3.0/gems/web-console-2.2.1/lib/web_console/templates/_markup.html.erb (0.3ms)
  Rendered /Users/DavidRaj/.rbenv/versions/2.3.0/lib/ruby/gems/2.3.0/gems/web-console-2.2.1/lib/web_console/templates/_inner_console_markup.html.erb within layouts/inlined_string (0.3ms)
  Rendered /Users/DavidRaj/.rbenv/versions/2.3.0/lib/ruby/gems/2.3.0/gems/web-console-2.2.1/lib/web_console/templates/_prompt_box_markup.html.erb within layouts/inlined_string (0.3ms)
  Rendered /Users/DavidRaj/.rbenv/versions/2.3.0/lib/ruby/gems/2.3.0/gems/web-console-2.2.1/lib/web_console/templates/style.css.erb within layouts/inlined_string (0.3ms)
  Rendered /Users/DavidRaj/.rbenv/versions/2.3.0/lib/ruby/gems/2.3.0/gems/web-console-2.2.1/lib/web_console/templates/console.js.erb within layouts/javascript (40.3ms)
  Rendered /Users/DavidRaj/.rbenv/versions/2.3.0/lib/ruby/gems/2.3.0/gems/web-console-2.2.1/lib/web_console/templates/main.js.erb within layouts/javascript (0.5ms)
  Rendered /Users/DavidRaj/.rbenv/versions/2.3.0/lib/ruby/gems/2.3.0/gems/web-console-2.2.1/lib/web_console/templates/error_page.js.erb within layouts/javascript (0.4ms)
  Rendered /Users/DavidRaj/.rbenv/versions/2.3.0/lib/ruby/gems/2.3.0/gems/web-console-2.2.1/lib/web_console/templates/index.html.erb (102.1ms)


Started GET "/urls" for ::1 at 2017-05-11 12:47:00 +0800
Processing by UrlsController#index as HTML
  [1m[36mUrl Load (0.4ms)[0m  [1mSELECT "urls".* FROM "urls"[0m
  Rendered urls/index.html.erb within layouts/application (2.4ms)
Completed 200 OK in 16ms (Views: 15.3ms | ActiveRecord: 0.4ms)


Started GET "/urls" for ::1 at 2017-05-11 12:48:21 +0800
Processing by UrlsController#index as HTML
  [1m[35mUrl Load (0.3ms)[0m  SELECT "urls".* FROM "urls"
  Rendered urls/index.html.erb within layouts/application (1.8ms)
Completed 200 OK in 17ms (Views: 15.9ms | ActiveRecord: 0.3ms)


Started GET "/urls" for ::1 at 2017-05-11 12:48:25 +0800
Processing by UrlsController#index as HTML
  [1m[36mUrl Load (0.3ms)[0m  [1mSELECT "urls".* FROM "urls"[0m
  Rendered urls/index.html.erb within layouts/application (1.9ms)
Completed 200 OK in 29ms (Views: 27.1ms | ActiveRecord: 0.3ms)


Started GET "/urls" for ::1 at 2017-05-11 12:48:35 +0800
Processing by UrlsController#index as HTML
  [1m[35mUrl Load (0.3ms)[0m  SELECT "urls".* FROM "urls"
  Rendered urls/index.html.erb within layouts/application (1.0ms)
Completed 200 OK in 14ms (Views: 12.9ms | ActiveRecord: 0.3ms)


Started GET "/urls" for ::1 at 2017-05-11 12:49:27 +0800
Processing by UrlsController#index as HTML
  [1m[36mUrl Load (0.3ms)[0m  [1mSELECT "urls".* FROM "urls"[0m
  Rendered urls/index.html.erb within layouts/application (2.1ms)
Completed 200 OK in 17ms (Views: 16.3ms | ActiveRecord: 0.3ms)


Started GET "/urls.1" for ::1 at 2017-05-11 12:49:29 +0800
Processing by UrlsController#index as 
  [1m[35mUrl Load (0.3ms)[0m  SELECT "urls".* FROM "urls"
  Rendered urls/index.html.erb within layouts/application (1.5ms)
Completed 200 OK in 21ms (Views: 19.5ms | ActiveRecord: 0.3ms)


Started GET "/urls.1" for ::1 at 2017-05-11 12:49:32 +0800
Processing by UrlsController#index as 
  [1m[36mUrl Load (0.3ms)[0m  [1mSELECT "urls".* FROM "urls"[0m
  Rendered urls/index.html.erb within layouts/application (1.3ms)
Completed 200 OK in 20ms (Views: 19.1ms | ActiveRecord: 0.3ms)


Started GET "/urls.1" for ::1 at 2017-05-11 12:50:07 +0800
Processing by UrlsController#index as 
  [1m[35mUrl Load (0.2ms)[0m  SELECT "urls".* FROM "urls"
  Rendered urls/index.html.erb within layouts/application (2.0ms)
Completed 200 OK in 23ms (Views: 22.5ms | ActiveRecord: 0.2ms)


Started GET "/urls.1" for ::1 at 2017-05-11 12:50:41 +0800
Processing by UrlsController#index as 
  [1m[36mUrl Load (0.4ms)[0m  [1mSELECT "urls".* FROM "urls"[0m
  Rendered urls/index.html.erb within layouts/application (26.9ms)
Completed 500 Internal Server Error in 37ms (ActiveRecord: 0.4ms)

ActionView::Template::Error (undefined method `show_path' for #<#<Class:0x007fe628b68f08>:0x007fe62e0268d8>):
    19: 
    20: <%  @urls.each do |url| %>
    21:     <tr>
    22:     <td> <%= link_to url.long_url, show_path(url) %></td>
    23:     <td> <%=url.short_url%> </td>
    24:     <td> <%= link_to 'Delete', urls_path(url), method: :delete, data: { confirm: 'Are you sure?' } %></td>
    25:     </tr>   
  app/views/urls/index.html.erb:22:in `block in _app_views_urls_index_html_erb__2518595341039803115_70313295554480'
  app/views/urls/index.html.erb:20:in `_app_views_urls_index_html_erb__2518595341039803115_70313295554480'


  Rendered /Users/DavidRaj/.rbenv/versions/2.3.0/lib/ruby/gems/2.3.0/gems/actionpack-4.2.5/lib/action_dispatch/middleware/templates/rescues/_source.erb (5.9ms)
  Rendered /Users/DavidRaj/.rbenv/versions/2.3.0/lib/ruby/gems/2.3.0/gems/actionpack-4.2.5/lib/action_dispatch/middleware/templates/rescues/_trace.html.erb (2.4ms)
  Rendered /Users/DavidRaj/.rbenv/versions/2.3.0/lib/ruby/gems/2.3.0/gems/actionpack-4.2.5/lib/action_dispatch/middleware/templates/rescues/_request_and_response.html.erb (0.7ms)
  Rendered /Users/DavidRaj/.rbenv/versions/2.3.0/lib/ruby/gems/2.3.0/gems/actionpack-4.2.5/lib/action_dispatch/middleware/templates/rescues/template_error.html.erb within rescues/layout (57.6ms)
  Rendered /Users/DavidRaj/.rbenv/versions/2.3.0/lib/ruby/gems/2.3.0/gems/web-console-2.2.1/lib/web_console/templates/_markup.html.erb (0.4ms)
  Rendered /Users/DavidRaj/.rbenv/versions/2.3.0/lib/ruby/gems/2.3.0/gems/web-console-2.2.1/lib/web_console/templates/_inner_console_markup.html.erb within layouts/inlined_string (0.5ms)
  Rendered /Users/DavidRaj/.rbenv/versions/2.3.0/lib/ruby/gems/2.3.0/gems/web-console-2.2.1/lib/web_console/templates/_prompt_box_markup.html.erb within layouts/inlined_string (0.3ms)
  Rendered /Users/DavidRaj/.rbenv/versions/2.3.0/lib/ruby/gems/2.3.0/gems/web-console-2.2.1/lib/web_console/templates/style.css.erb within layouts/inlined_string (0.3ms)
  Rendered /Users/DavidRaj/.rbenv/versions/2.3.0/lib/ruby/gems/2.3.0/gems/web-console-2.2.1/lib/web_console/templates/console.js.erb within layouts/javascript (44.0ms)
  Rendered /Users/DavidRaj/.rbenv/versions/2.3.0/lib/ruby/gems/2.3.0/gems/web-console-2.2.1/lib/web_console/templates/main.js.erb within layouts/javascript (0.3ms)
  Rendered /Users/DavidRaj/.rbenv/versions/2.3.0/lib/ruby/gems/2.3.0/gems/web-console-2.2.1/lib/web_console/templates/error_page.js.erb within layouts/javascript (0.5ms)
  Rendered /Users/DavidRaj/.rbenv/versions/2.3.0/lib/ruby/gems/2.3.0/gems/web-console-2.2.1/lib/web_console/templates/index.html.erb (107.0ms)


Started GET "/urls.1" for ::1 at 2017-05-11 12:50:56 +0800
Processing by UrlsController#index as 
  [1m[35mUrl Load (0.3ms)[0m  SELECT "urls".* FROM "urls"
  Rendered urls/index.html.erb within layouts/application (42.7ms)
Completed 500 Internal Server Error in 52ms (ActiveRecord: 0.3ms)

ActionView::Template::Error (undefined local variable or method `url_path' for #<#<Class:0x007fe628b68f08>:0x007fe62b933500>
Did you mean?  urls_path):
    19: 
    20: <%  @urls.each do |url| %>
    21:     <tr>
    22:     <td> <%= link_to url.long_url, url_path %></td>
    23:     <td> <%=url.short_url%> </td>
    24:     <td> <%= link_to 'Delete', urls_path(url), method: :delete, data: { confirm: 'Are you sure?' } %></td>
    25:     </tr>   
  app/views/urls/index.html.erb:22:in `block in _app_views_urls_index_html_erb__2518595341039803115_70313275133380'
  app/views/urls/index.html.erb:20:in `_app_views_urls_index_html_erb__2518595341039803115_70313275133380'


  Rendered /Users/DavidRaj/.rbenv/versions/2.3.0/lib/ruby/gems/2.3.0/gems/actionpack-4.2.5/lib/action_dispatch/middleware/templates/rescues/_source.erb (4.6ms)
  Rendered /Users/DavidRaj/.rbenv/versions/2.3.0/lib/ruby/gems/2.3.0/gems/actionpack-4.2.5/lib/action_dispatch/middleware/templates/rescues/_trace.html.erb (3.6ms)
  Rendered /Users/DavidRaj/.rbenv/versions/2.3.0/lib/ruby/gems/2.3.0/gems/actionpack-4.2.5/lib/action_dispatch/middleware/templates/rescues/_request_and_response.html.erb (0.7ms)
  Rendered /Users/DavidRaj/.rbenv/versions/2.3.0/lib/ruby/gems/2.3.0/gems/actionpack-4.2.5/lib/action_dispatch/middleware/templates/rescues/template_error.html.erb within rescues/layout (57.0ms)
  Rendered /Users/DavidRaj/.rbenv/versions/2.3.0/lib/ruby/gems/2.3.0/gems/web-console-2.2.1/lib/web_console/templates/_markup.html.erb (0.4ms)
  Rendered /Users/DavidRaj/.rbenv/versions/2.3.0/lib/ruby/gems/2.3.0/gems/web-console-2.2.1/lib/web_console/templates/_inner_console_markup.html.erb within layouts/inlined_string (0.2ms)
  Rendered /Users/DavidRaj/.rbenv/versions/2.3.0/lib/ruby/gems/2.3.0/gems/web-console-2.2.1/lib/web_console/templates/_prompt_box_markup.html.erb within layouts/inlined_string (0.3ms)
  Rendered /Users/DavidRaj/.rbenv/versions/2.3.0/lib/ruby/gems/2.3.0/gems/web-console-2.2.1/lib/web_console/templates/style.css.erb within layouts/inlined_string (0.3ms)
  Rendered /Users/DavidRaj/.rbenv/versions/2.3.0/lib/ruby/gems/2.3.0/gems/web-console-2.2.1/lib/web_console/templates/console.js.erb within layouts/javascript (44.8ms)
  Rendered /Users/DavidRaj/.rbenv/versions/2.3.0/lib/ruby/gems/2.3.0/gems/web-console-2.2.1/lib/web_console/templates/main.js.erb within layouts/javascript (0.4ms)
  Rendered /Users/DavidRaj/.rbenv/versions/2.3.0/lib/ruby/gems/2.3.0/gems/web-console-2.2.1/lib/web_console/templates/error_page.js.erb within layouts/javascript (0.3ms)
  Rendered /Users/DavidRaj/.rbenv/versions/2.3.0/lib/ruby/gems/2.3.0/gems/web-console-2.2.1/lib/web_console/templates/index.html.erb (101.0ms)


Started GET "/urls.1" for ::1 at 2017-05-11 12:53:07 +0800
  [1m[36mActiveRecord::SchemaMigration Load (0.4ms)[0m  [1mSELECT "schema_migrations".* FROM "schema_migrations"[0m
Processing by UrlsController#index as 
  [1m[35mUrl Load (0.4ms)[0m  SELECT "urls".* FROM "urls"
  Rendered urls/index.html.erb within layouts/application (19.1ms)
Completed 500 Internal Server Error in 46ms (ActiveRecord: 3.9ms)

ActionView::Template::Error (No route matches {:action=>"show", :controller=>"urls", :format=>"1"} missing required keys: [:id]):
    19: 
    20: <%  @urls.each do |url| %>
    21:     <tr>
    22:     <td> <%= link_to url.long_url, url_path %></td>
    23:     <td> <%=url.short_url%> </td>
    24:     <td> <%= link_to 'Delete', urls_path(url), method: :delete, data: { confirm: 'Are you sure?' } %></td>
    25:     </tr>   
  app/views/urls/index.html.erb:22:in `block in _app_views_urls_index_html_erb___1238515948550038604_70136462092560'
  app/views/urls/index.html.erb:20:in `_app_views_urls_index_html_erb___1238515948550038604_70136462092560'


  Rendered /Users/DavidRaj/.rbenv/versions/2.3.0/lib/ruby/gems/2.3.0/gems/actionpack-4.2.5/lib/action_dispatch/middleware/templates/rescues/_source.erb (4.6ms)
  Rendered /Users/DavidRaj/.rbenv/versions/2.3.0/lib/ruby/gems/2.3.0/gems/actionpack-4.2.5/lib/action_dispatch/middleware/templates/rescues/_trace.html.erb (2.6ms)
  Rendered /Users/DavidRaj/.rbenv/versions/2.3.0/lib/ruby/gems/2.3.0/gems/actionpack-4.2.5/lib/action_dispatch/middleware/templates/rescues/_request_and_response.html.erb (0.7ms)
  Rendered /Users/DavidRaj/.rbenv/versions/2.3.0/lib/ruby/gems/2.3.0/gems/actionpack-4.2.5/lib/action_dispatch/middleware/templates/rescues/template_error.html.erb within rescues/layout (55.9ms)
  Rendered /Users/DavidRaj/.rbenv/versions/2.3.0/lib/ruby/gems/2.3.0/gems/web-console-2.2.1/lib/web_console/templates/_markup.html.erb (0.4ms)
  Rendered /Users/DavidRaj/.rbenv/versions/2.3.0/lib/ruby/gems/2.3.0/gems/web-console-2.2.1/lib/web_console/templates/_inner_console_markup.html.erb within layouts/inlined_string (0.3ms)
  Rendered /Users/DavidRaj/.rbenv/versions/2.3.0/lib/ruby/gems/2.3.0/gems/web-console-2.2.1/lib/web_console/templates/_prompt_box_markup.html.erb within layouts/inlined_string (0.2ms)
  Rendered /Users/DavidRaj/.rbenv/versions/2.3.0/lib/ruby/gems/2.3.0/gems/web-console-2.2.1/lib/web_console/templates/style.css.erb within layouts/inlined_string (0.3ms)
  Rendered /Users/DavidRaj/.rbenv/versions/2.3.0/lib/ruby/gems/2.3.0/gems/web-console-2.2.1/lib/web_console/templates/console.js.erb within layouts/javascript (49.4ms)
  Rendered /Users/DavidRaj/.rbenv/versions/2.3.0/lib/ruby/gems/2.3.0/gems/web-console-2.2.1/lib/web_console/templates/main.js.erb within layouts/javascript (0.5ms)
  Rendered /Users/DavidRaj/.rbenv/versions/2.3.0/lib/ruby/gems/2.3.0/gems/web-console-2.2.1/lib/web_console/templates/error_page.js.erb within layouts/javascript (0.6ms)
  Rendered /Users/DavidRaj/.rbenv/versions/2.3.0/lib/ruby/gems/2.3.0/gems/web-console-2.2.1/lib/web_console/templates/index.html.erb (107.5ms)


Started GET "/urls.1" for ::1 at 2017-05-11 12:53:24 +0800
Processing by UrlsController#index as 
  [1m[36mUrl Load (0.3ms)[0m  [1mSELECT "urls".* FROM "urls"[0m
  Rendered urls/index.html.erb within layouts/application (1.6ms)
Completed 200 OK in 205ms (Views: 203.8ms | ActiveRecord: 0.3ms)


Started GET "/urls/1" for ::1 at 2017-05-11 12:53:26 +0800
Processing by UrlsController#show as HTML
  Parameters: {"id"=>"1"}
  [1m[35mUrl Load (2.3ms)[0m  SELECT  "urls".* FROM "urls" WHERE "urls"."id" = $1 LIMIT 1  [["id", 1]]
  Rendered urls/show.html.erb within layouts/application (0.5ms)
Completed 200 OK in 24ms (Views: 12.1ms | ActiveRecord: 2.5ms)


Started GET "/urls" for ::1 at 2017-05-11 13:48:44 +0800
  [1m[36mActiveRecord::SchemaMigration Load (0.3ms)[0m  [1mSELECT "schema_migrations".* FROM "schema_migrations"[0m
Processing by UrlsController#index as HTML
  [1m[35mUrl Load (0.4ms)[0m  SELECT "urls".* FROM "urls"
  Rendered urls/index.html.erb within layouts/application (9.0ms)
Completed 200 OK in 275ms (Views: 262.1ms | ActiveRecord: 3.4ms)


Started GET "/urls/new" for ::1 at 2017-05-11 13:48:46 +0800
Processing by UrlsController#new as HTML
  Rendered urls/_form.html.erb (54.6ms)
  Rendered urls/new.html.erb within layouts/application (69.8ms)
Completed 200 OK in 96ms (Views: 94.6ms | ActiveRecord: 0.0ms)


Started POST "/urls" for ::1 at 2017-05-11 13:48:56 +0800
Processing by UrlsController#create as JS
  Parameters: {"utf8"=>"✓", "url"=>{"long_url"=>"www.ruby.com"}, "commit"=>"Shorten URL!"}
  [1m[36m (0.1ms)[0m  [1mBEGIN[0m
  [1m[35mSQL (0.4ms)[0m  INSERT INTO "urls" ("long_url", "short_url", "created_at", "updated_at") VALUES ($1, $2, $3, $4) RETURNING "id"  [["long_url", "www.ruby.com"], ["short_url", "xwizjkou"], ["created_at", "2017-05-11 05:48:56.032635"], ["updated_at", "2017-05-11 05:48:56.032635"]]
  [1m[36m (5.4ms)[0m  [1mCOMMIT[0m
  Rendered urls/_url.html.erb (0.8ms)
  Rendered urls/create.js.erb (4.6ms)
Completed 200 OK in 24ms (Views: 12.1ms | ActiveRecord: 6.1ms)


Started GET "/urls/new" for ::1 at 2017-05-11 14:44:11 +0800
Processing by UrlsController#new as HTML
  Rendered urls/_form.html.erb (2.3ms)
  Rendered urls/new.html.erb within layouts/application (6.5ms)
Completed 200 OK in 67ms (Views: 55.5ms | ActiveRecord: 1.7ms)


Started GET "/assets/urls.self-19a187bec6cdb96d6de80a61c16c857c613536adf9138476bd367db38d282635.js?body=1" for ::1 at 2017-05-11 14:44:11 +0800


Started GET "/assets/application.self-3b8dabdc891efe46b9a144b400ad69e37d7e5876bdc39dee783419a69d7ca819.js?body=1" for ::1 at 2017-05-11 14:44:11 +0800


Started POST "/urls" for ::1 at 2017-05-11 14:44:22 +0800
Processing by UrlsController#create as JS
  Parameters: {"utf8"=>"✓", "url"=>{"long_url"=>"www.google.com"}, "commit"=>"Shorten URL!"}
  [1m[35m (0.1ms)[0m  BEGIN
  [1m[36mSQL (0.3ms)[0m  [1mINSERT INTO "urls" ("long_url", "short_url", "created_at", "updated_at") VALUES ($1, $2, $3, $4) RETURNING "id"[0m  [["long_url", "www.google.com"], ["short_url", "htkglcab"], ["created_at", "2017-05-11 06:44:22.666149"], ["updated_at", "2017-05-11 06:44:22.666149"]]
  [1m[35m (5.6ms)[0m  COMMIT
  Rendered urls/_url.html.erb (0.1ms)
  Rendered urls/create.js.erb (3.7ms)
Completed 200 OK in 21ms (Views: 12.0ms | ActiveRecord: 6.0ms)


Started GET "/" for ::1 at 2017-05-11 14:44:34 +0800
Processing by UrlsController#index as HTML
  [1m[36mUrl Load (0.4ms)[0m  [1mSELECT "urls".* FROM "urls"[0m
  Rendered urls/index.html.erb within layouts/application (2.6ms)
Completed 200 OK in 18ms (Views: 16.5ms | ActiveRecord: 0.4ms)


Started GET "/urls/new" for ::1 at 2017-05-11 14:44:39 +0800
Processing by UrlsController#new as HTML
  Rendered urls/_form.html.erb (1.6ms)
  Rendered urls/new.html.erb within layouts/application (3.3ms)
Completed 200 OK in 44ms (Views: 42.8ms | ActiveRecord: 0.0ms)


Started POST "/urls" for ::1 at 2017-05-11 14:44:43 +0800
Processing by UrlsController#create as JS
  Parameters: {"utf8"=>"✓", "url"=>{"long_url"=>"www.google.com"}, "commit"=>"Shorten URL!"}
  [1m[35m (0.3ms)[0m  BEGIN
  [1m[36mSQL (0.4ms)[0m  [1mINSERT INTO "urls" ("long_url", "short_url", "created_at", "updated_at") VALUES ($1, $2, $3, $4) RETURNING "id"[0m  [["long_url", "www.google.com"], ["short_url", "syp14fo7"], ["created_at", "2017-05-11 06:44:43.757742"], ["updated_at", "2017-05-11 06:44:43.757742"]]
  [1m[35m (6.2ms)[0m  COMMIT
  Rendered urls/_url.html.erb (0.1ms)
  Rendered urls/create.js.erb (2.1ms)
Completed 200 OK in 15ms (Views: 5.1ms | ActiveRecord: 6.9ms)


Started GET "/urls" for ::1 at 2017-05-11 14:44:45 +0800
Processing by UrlsController#index as HTML
  [1m[36mUrl Load (0.6ms)[0m  [1mSELECT "urls".* FROM "urls"[0m
  Rendered urls/index.html.erb within layouts/application (3.5ms)
Completed 200 OK in 22ms (Views: 20.4ms | ActiveRecord: 0.6ms)


Started GET "/urls/new" for ::1 at 2017-05-11 15:10:49 +0800
  [1m[36mActiveRecord::SchemaMigration Load (0.3ms)[0m  [1mSELECT "schema_migrations".* FROM "schema_migrations"[0m
Processing by UrlsController#new as HTML
  Rendered urls/_form.html.erb (50.3ms)
  Rendered urls/new.html.erb within layouts/application (60.3ms)
Completed 200 OK in 354ms (Views: 340.1ms | ActiveRecord: 2.0ms)


Started POST "/urls" for ::1 at 2017-05-11 15:10:50 +0800
Processing by UrlsController#create as JS
  Parameters: {"utf8"=>"✓", "url"=>{"long_url"=>""}, "commit"=>"Shorten URL!"}
  [1m[35m (0.1ms)[0m  BEGIN
  [1m[36mSQL (2.6ms)[0m  [1mINSERT INTO "urls" ("long_url", "short_url", "created_at", "updated_at") VALUES ($1, $2, $3, $4) RETURNING "id"[0m  [["long_url", ""], ["short_url", "c3g72udw"], ["created_at", "2017-05-11 07:10:50.061046"], ["updated_at", "2017-05-11 07:10:50.061046"]]
  [1m[35m (2.7ms)[0m  COMMIT
  Rendered urls/_url.html.erb (0.5ms)
  Rendered urls/create.js.erb (4.1ms)
Completed 200 OK in 22ms (Views: 11.0ms | ActiveRecord: 5.6ms)


Started POST "/urls" for ::1 at 2017-05-11 15:41:47 +0800
Processing by UrlsController#create as JS
  Parameters: {"utf8"=>"✓", "url"=>{"long_url"=>"www.google.com"}, "commit"=>"Shorten URL!"}
  [1m[36m (0.1ms)[0m  [1mBEGIN[0m
  [1m[35mSQL (0.2ms)[0m  INSERT INTO "urls" ("long_url", "short_url", "created_at", "updated_at") VALUES ($1, $2, $3, $4) RETURNING "id"  [["long_url", "www.google.com"], ["short_url", "ae8vqxth"], ["created_at", "2017-05-11 07:41:47.513222"], ["updated_at", "2017-05-11 07:41:47.513222"]]
  [1m[36m (2.2ms)[0m  [1mCOMMIT[0m
  Rendered urls/_url.html.erb (0.0ms)
  Rendered urls/create.js.erb (1.2ms)
Completed 200 OK in 10ms (Views: 4.5ms | ActiveRecord: 2.5ms)


Started GET "/urls/new" for ::1 at 2017-05-11 15:41:51 +0800
Processing by UrlsController#new as HTML
  Rendered urls/_form.html.erb (1.0ms)
  Rendered urls/new.html.erb within layouts/application (2.2ms)
Completed 200 OK in 15ms (Views: 14.6ms | ActiveRecord: 0.0ms)


Started POST "/urls" for ::1 at 2017-05-11 15:55:29 +0800
Processing by UrlsController#create as JS
  Parameters: {"utf8"=>"✓", "url"=>{"long_url"=>"www.google.com"}, "commit"=>"Shorten URL!"}
  [1m[35m (0.1ms)[0m  BEGIN
  [1m[36mSQL (0.2ms)[0m  [1mINSERT INTO "urls" ("long_url", "short_url", "created_at", "updated_at") VALUES ($1, $2, $3, $4) RETURNING "id"[0m  [["long_url", "www.google.com"], ["short_url", "j4r2ofq5"], ["created_at", "2017-05-11 07:55:29.113699"], ["updated_at", "2017-05-11 07:55:29.113699"]]
  [1m[35m (5.7ms)[0m  COMMIT
  Rendered urls/_url.html.erb (0.1ms)
  Rendered urls/create.js.erb (4.2ms)
Completed 200 OK in 22ms (Views: 12.9ms | ActiveRecord: 6.0ms)


Started POST "/urls" for ::1 at 2017-05-11 15:56:23 +0800
Processing by UrlsController#create as JS
  Parameters: {"utf8"=>"✓", "url"=>{"long_url"=>"www.ruby.com"}, "commit"=>"Shorten URL!"}
  [1m[36m (0.3ms)[0m  [1mBEGIN[0m
  [1m[35mSQL (0.2ms)[0m  INSERT INTO "urls" ("long_url", "short_url", "created_at", "updated_at") VALUES ($1, $2, $3, $4) RETURNING "id"  [["long_url", "www.ruby.com"], ["short_url", "73r9ilcf"], ["created_at", "2017-05-11 07:56:23.092484"], ["updated_at", "2017-05-11 07:56:23.092484"]]
  [1m[36m (2.2ms)[0m  [1mCOMMIT[0m
  Rendered urls/_url.html.erb (0.0ms)
  Rendered urls/create.js.erb (1.1ms)
Completed 200 OK in 10ms (Views: 4.1ms | ActiveRecord: 2.6ms)


Started GET "/urls/new" for ::1 at 2017-05-11 15:56:26 +0800
Processing by UrlsController#new as HTML
  Rendered urls/_form.html.erb (0.9ms)
  Rendered urls/new.html.erb within layouts/application (2.5ms)
Completed 200 OK in 42ms (Views: 41.5ms | ActiveRecord: 0.0ms)


Started GET "/" for ::1 at 2017-06-14 15:37:42 +0800
  [1m[36mActiveRecord::SchemaMigration Load (3.5ms)[0m  [1mSELECT "schema_migrations".* FROM "schema_migrations"[0m
Processing by UrlsController#index as HTML
  [1m[35mUrl Load (26.4ms)[0m  SELECT "urls".* FROM "urls"
  Rendered urls/index.html.erb within layouts/application (50.4ms)
Completed 500 Internal Server Error in 596ms (ActiveRecord: 41.5ms)

ActionView::Template::Error (undefined local variable or method `flash_messages' for #<#<Class:0x007f9434123390>:0x007f943452f380>):
     7:   <%= csrf_meta_tags %>
     8: </head>
     9: <body>
    10: <%= flash_messages %>
    11: <%= yield %>
    12: 
    13: </body>
  app/views/layouts/application.html.erb:10:in `_app_views_layouts_application_html_erb__2131933297780245469_70137254898080'


  Rendered /Users/DavidRaj/.rbenv/versions/2.3.3/lib/ruby/gems/2.3.0/gems/actionpack-4.2.5/lib/action_dispatch/middleware/templates/rescues/_source.erb (5.2ms)
  Rendered /Users/DavidRaj/.rbenv/versions/2.3.3/lib/ruby/gems/2.3.0/gems/actionpack-4.2.5/lib/action_dispatch/middleware/templates/rescues/_trace.html.erb (1.9ms)
  Rendered /Users/DavidRaj/.rbenv/versions/2.3.3/lib/ruby/gems/2.3.0/gems/actionpack-4.2.5/lib/action_dispatch/middleware/templates/rescues/_request_and_response.html.erb (0.8ms)
  Rendered /Users/DavidRaj/.rbenv/versions/2.3.3/lib/ruby/gems/2.3.0/gems/actionpack-4.2.5/lib/action_dispatch/middleware/templates/rescues/template_error.html.erb within rescues/layout (54.8ms)
  Rendered /Users/DavidRaj/.rbenv/versions/2.3.3/lib/ruby/gems/2.3.0/gems/web-console-2.2.1/lib/web_console/templates/_markup.html.erb (0.4ms)
  Rendered /Users/DavidRaj/.rbenv/versions/2.3.3/lib/ruby/gems/2.3.0/gems/web-console-2.2.1/lib/web_console/templates/_inner_console_markup.html.erb within layouts/inlined_string (0.3ms)
  Rendered /Users/DavidRaj/.rbenv/versions/2.3.3/lib/ruby/gems/2.3.0/gems/web-console-2.2.1/lib/web_console/templates/_prompt_box_markup.html.erb within layouts/inlined_string (0.3ms)
  Rendered /Users/DavidRaj/.rbenv/versions/2.3.3/lib/ruby/gems/2.3.0/gems/web-console-2.2.1/lib/web_console/templates/style.css.erb within layouts/inlined_string (0.3ms)
  Rendered /Users/DavidRaj/.rbenv/versions/2.3.3/lib/ruby/gems/2.3.0/gems/web-console-2.2.1/lib/web_console/templates/console.js.erb within layouts/javascript (50.2ms)
  Rendered /Users/DavidRaj/.rbenv/versions/2.3.3/lib/ruby/gems/2.3.0/gems/web-console-2.2.1/lib/web_console/templates/main.js.erb within layouts/javascript (0.3ms)
  Rendered /Users/DavidRaj/.rbenv/versions/2.3.3/lib/ruby/gems/2.3.0/gems/web-console-2.2.1/lib/web_console/templates/error_page.js.erb within layouts/javascript (0.5ms)
  Rendered /Users/DavidRaj/.rbenv/versions/2.3.3/lib/ruby/gems/2.3.0/gems/web-console-2.2.1/lib/web_console/templates/index.html.erb (120.7ms)


Started GET "/" for ::1 at 2017-06-14 15:38:51 +0800
Processing by UrlsController#index as HTML
  [1m[36mUrl Load (0.4ms)[0m  [1mSELECT "urls".* FROM "urls"[0m
  Rendered urls/index.html.erb within layouts/application (3.3ms)
Completed 200 OK in 18ms (Views: 17.0ms | ActiveRecord: 0.4ms)


Started GET "/assets/jquery.self-a714331225dda820228db323939889f149aec0127aeb06255646b616ba1ca419.js?body=1" for ::1 at 2017-06-14 15:38:52 +0800


Started GET "/assets/turbolinks.self-c37727e9bd6b2735da5c311aa83fead54ed0be6cc8bd9a65309e9c5abe2cbfff.js?body=1" for ::1 at 2017-06-14 15:38:52 +0800


Started GET "/assets/jquery_ujs.self-d456baa54c1fa6be2ec3711f0a72ddf7a5b2f34a6b4f515f33767d6207b7d4b3.js?body=1" for ::1 at 2017-06-14 15:38:52 +0800


Started GET "/assets/urls.self-19a187bec6cdb96d6de80a61c16c857c613536adf9138476bd367db38d282635.js?body=1" for ::1 at 2017-06-14 15:38:52 +0800


Started GET "/assets/application.self-3b8dabdc891efe46b9a144b400ad69e37d7e5876bdc39dee783419a69d7ca819.js?body=1" for ::1 at 2017-06-14 15:38:52 +0800


Started GET "/assets/application.self-e80e8f2318043e8af94dddc2adad5a4f09739a8ebb323b3ab31cd71d45fd9113.css?body=1" for ::1 at 2017-06-14 15:38:52 +0800


Started GET "/urls/new" for ::1 at 2017-06-14 15:39:40 +0800
Processing by UrlsController#new as HTML
  Rendered urls/_form.html.erb (18.5ms)
  Rendered urls/new.html.erb within layouts/application (22.4ms)
Completed 200 OK in 35ms (Views: 34.5ms | ActiveRecord: 0.0ms)
